2021-06-30 11:16:52.628  INFO 23600 --- [restartedMain] l.m.c.community.CommunityApplication     : Starting CommunityApplication using Java 1.8.0_282 on DESKTOP-RNBM3MT with PID 23600 (D:\ChromeCoreDownloads\community\target\classes started by ZL in D:\ChromeCoreDownloads\community)
2021-06-30 11:16:52.636  INFO 23600 --- [restartedMain] l.m.c.community.CommunityApplication     : No active profile set, falling back to default profiles: default
2021-06-30 11:16:52.695  INFO 23600 --- [restartedMain] .e.DevToolsPropertyDefaultsPostProcessor : Devtools property defaults active! Set 'spring.devtools.add-properties' to 'false' to disable
2021-06-30 11:16:52.695  INFO 23600 --- [restartedMain] .e.DevToolsPropertyDefaultsPostProcessor : For additional web related logging consider setting the 'logging.level.web' property to 'DEBUG'
2021-06-30 11:16:53.604  INFO 23600 --- [restartedMain] o.s.b.w.embedded.tomcat.TomcatWebServer  : Tomcat initialized with port(s): 8887 (http)
2021-06-30 11:16:53.611  INFO 23600 --- [restartedMain] o.apache.catalina.core.StandardService   : Starting service [Tomcat]
2021-06-30 11:16:53.611  INFO 23600 --- [restartedMain] org.apache.catalina.core.StandardEngine  : Starting Servlet engine: [Apache Tomcat/9.0.46]
2021-06-30 11:16:53.691  INFO 23600 --- [restartedMain] o.a.c.c.C.[Tomcat].[localhost].[/]       : Initializing Spring embedded WebApplicationContext
2021-06-30 11:16:53.691  INFO 23600 --- [restartedMain] w.s.c.ServletWebServerApplicationContext : Root WebApplicationContext: initialization completed in 994 ms
2021-06-30 11:16:53.711  INFO 23600 --- [restartedMain] com.zaxxer.hikari.HikariDataSource       : HikariPool-1 - Starting...
2021-06-30 11:16:53.855  INFO 23600 --- [restartedMain] com.zaxxer.hikari.HikariDataSource       : HikariPool-1 - Start completed.
2021-06-30 11:16:53.859  INFO 23600 --- [restartedMain] o.s.b.a.h2.H2ConsoleAutoConfiguration    : H2 console available at '/h2-console'. Database available at 'jdbc:h2:~/community'
2021-06-30 11:16:54.379  INFO 23600 --- [restartedMain] o.s.b.a.w.s.WelcomePageHandlerMapping    : Adding welcome page template: index
2021-06-30 11:16:54.593  INFO 23600 --- [restartedMain] o.s.b.d.a.OptionalLiveReloadServer       : LiveReload server is running on port 35729
2021-06-30 11:16:54.620  INFO 23600 --- [restartedMain] o.s.b.w.embedded.tomcat.TomcatWebServer  : Tomcat started on port(s): 8887 (http) with context path ''
2021-06-30 11:16:54.629  INFO 23600 --- [restartedMain] l.m.c.community.CommunityApplication     : Started CommunityApplication in 2.418 seconds (JVM running for 3.419)
2021-06-30 11:16:54.630  INFO 23600 --- [restartedMain] o.s.b.a.ApplicationAvailabilityBean      : Application availability state LivenessState changed to CORRECT
2021-06-30 11:16:54.632  INFO 23600 --- [restartedMain] o.s.b.a.ApplicationAvailabilityBean      : Application availability state ReadinessState changed to ACCEPTING_TRAFFIC
2021-06-30 11:17:04.732  INFO 23600 --- [http-nio-8887-exec-1] o.a.c.c.C.[Tomcat].[localhost].[/]       : Initializing Spring DispatcherServlet 'dispatcherServlet'
2021-06-30 11:17:04.732  INFO 23600 --- [http-nio-8887-exec-1] o.s.web.servlet.DispatcherServlet        : Initializing Servlet 'dispatcherServlet'
2021-06-30 11:17:04.733  INFO 23600 --- [http-nio-8887-exec-1] o.s.web.servlet.DispatcherServlet        : Completed initialization in 1 ms
2021-06-30 11:17:04.791 DEBUG 23600 --- [http-nio-8887-exec-1] l.m.c.c.m.Q.countBySearch                : ==>  Preparing: select count (*) from QUESTION 
2021-06-30 11:17:04.802 DEBUG 23600 --- [http-nio-8887-exec-1] l.m.c.c.m.Q.countBySearch                : ==> Parameters: 
2021-06-30 11:17:04.812 DEBUG 23600 --- [http-nio-8887-exec-1] l.m.c.c.m.Q.countBySearch                : <==      Total: 1
2021-06-30 11:17:04.813 DEBUG 23600 --- [http-nio-8887-exec-1] l.m.c.c.m.Q.selectBySearch               : ==>  Preparing: select * from QUESTION order by gmt_create desc limit ?,? 
2021-06-30 11:17:04.814 DEBUG 23600 --- [http-nio-8887-exec-1] l.m.c.c.m.Q.selectBySearch               : ==> Parameters: 0(Integer), 5(Integer)
2021-06-30 11:17:04.819 DEBUG 23600 --- [http-nio-8887-exec-1] l.m.c.c.m.Q.selectBySearch               : <==      Total: 5
2021-06-30 11:17:04.819 DEBUG 23600 --- [http-nio-8887-exec-1] l.m.c.c.m.UserMapper.selectByPrimaryKey  : ==>  Preparing: select ID, ACCOUNT_ID, NAME, TOKEN, GMT_CREAT, GMT_MODIFIED, BIO, AVATAR_URL from USER where ID = ? 
2021-06-30 11:17:04.821 DEBUG 23600 --- [http-nio-8887-exec-1] l.m.c.c.m.UserMapper.selectByPrimaryKey  : ==> Parameters: 1(Long)
2021-06-30 11:17:04.822 DEBUG 23600 --- [http-nio-8887-exec-1] l.m.c.c.m.UserMapper.selectByPrimaryKey  : <==      Total: 1
2021-06-30 11:17:04.826 DEBUG 23600 --- [http-nio-8887-exec-1] l.m.c.c.m.UserMapper.selectByPrimaryKey  : ==>  Preparing: select ID, ACCOUNT_ID, NAME, TOKEN, GMT_CREAT, GMT_MODIFIED, BIO, AVATAR_URL from USER where ID = ? 
2021-06-30 11:17:04.826 DEBUG 23600 --- [http-nio-8887-exec-1] l.m.c.c.m.UserMapper.selectByPrimaryKey  : ==> Parameters: 1(Long)
2021-06-30 11:17:04.826 DEBUG 23600 --- [http-nio-8887-exec-1] l.m.c.c.m.UserMapper.selectByPrimaryKey  : <==      Total: 1
2021-06-30 11:17:04.827 DEBUG 23600 --- [http-nio-8887-exec-1] l.m.c.c.m.UserMapper.selectByPrimaryKey  : ==>  Preparing: select ID, ACCOUNT_ID, NAME, TOKEN, GMT_CREAT, GMT_MODIFIED, BIO, AVATAR_URL from USER where ID = ? 
2021-06-30 11:17:04.827 DEBUG 23600 --- [http-nio-8887-exec-1] l.m.c.c.m.UserMapper.selectByPrimaryKey  : ==> Parameters: 1(Long)
2021-06-30 11:17:04.827 DEBUG 23600 --- [http-nio-8887-exec-1] l.m.c.c.m.UserMapper.selectByPrimaryKey  : <==      Total: 1
2021-06-30 11:17:04.827 DEBUG 23600 --- [http-nio-8887-exec-1] l.m.c.c.m.UserMapper.selectByPrimaryKey  : ==>  Preparing: select ID, ACCOUNT_ID, NAME, TOKEN, GMT_CREAT, GMT_MODIFIED, BIO, AVATAR_URL from USER where ID = ? 
2021-06-30 11:17:04.828 DEBUG 23600 --- [http-nio-8887-exec-1] l.m.c.c.m.UserMapper.selectByPrimaryKey  : ==> Parameters: 1(Long)
2021-06-30 11:17:04.828 DEBUG 23600 --- [http-nio-8887-exec-1] l.m.c.c.m.UserMapper.selectByPrimaryKey  : <==      Total: 1
2021-06-30 11:17:04.828 DEBUG 23600 --- [http-nio-8887-exec-1] l.m.c.c.m.UserMapper.selectByPrimaryKey  : ==>  Preparing: select ID, ACCOUNT_ID, NAME, TOKEN, GMT_CREAT, GMT_MODIFIED, BIO, AVATAR_URL from USER where ID = ? 
2021-06-30 11:17:04.829 DEBUG 23600 --- [http-nio-8887-exec-1] l.m.c.c.m.UserMapper.selectByPrimaryKey  : ==> Parameters: 1(Long)
2021-06-30 11:17:04.829 DEBUG 23600 --- [http-nio-8887-exec-1] l.m.c.c.m.UserMapper.selectByPrimaryKey  : <==      Total: 1
2021-06-30 11:17:16.503 DEBUG 23600 --- [http-nio-8887-exec-9] l.m.c.c.m.Q.selectByPrimaryKey           : ==>  Preparing: select ID, TITLE, GMT_CREATE, GMT_MODIFIED, CREATOR, COMMENT_COUNT, VIEW_COUNT, LIKE_COUNT, TAG , DESCRIPTION from QUESTION where ID = ? 
2021-06-30 11:17:16.503 DEBUG 23600 --- [http-nio-8887-exec-9] l.m.c.c.m.Q.selectByPrimaryKey           : ==> Parameters: 196(Long)
2021-06-30 11:17:16.504 DEBUG 23600 --- [http-nio-8887-exec-9] l.m.c.c.m.Q.selectByPrimaryKey           : <==      Total: 1
2021-06-30 11:17:16.505 DEBUG 23600 --- [http-nio-8887-exec-9] l.m.c.c.m.UserMapper.selectByPrimaryKey  : ==>  Preparing: select ID, ACCOUNT_ID, NAME, TOKEN, GMT_CREAT, GMT_MODIFIED, BIO, AVATAR_URL from USER where ID = ? 
2021-06-30 11:17:16.506 DEBUG 23600 --- [http-nio-8887-exec-9] l.m.c.c.m.UserMapper.selectByPrimaryKey  : ==> Parameters: 1(Long)
2021-06-30 11:17:16.506 DEBUG 23600 --- [http-nio-8887-exec-9] l.m.c.c.m.UserMapper.selectByPrimaryKey  : <==      Total: 1
2021-06-30 11:17:16.507 DEBUG 23600 --- [http-nio-8887-exec-9] l.m.c.c.m.Q.selectRelated                : ==>  Preparing: select * from QUESTION where id != ? and tag regexp ? 
2021-06-30 11:17:16.508 DEBUG 23600 --- [http-nio-8887-exec-9] l.m.c.c.m.Q.selectRelated                : ==> Parameters: 196(Long), java(String)
2021-06-30 11:17:16.510 DEBUG 23600 --- [http-nio-8887-exec-9] l.m.c.c.m.Q.selectRelated                : <==      Total: 4
2021-06-30 11:17:16.510 DEBUG 23600 --- [http-nio-8887-exec-9] l.m.c.c.m.Q.selectByPrimaryKey           : ==>  Preparing: select ID, TITLE, GMT_CREATE, GMT_MODIFIED, CREATOR, COMMENT_COUNT, VIEW_COUNT, LIKE_COUNT, TAG , DESCRIPTION from QUESTION where ID = ? 
2021-06-30 11:17:16.511 DEBUG 23600 --- [http-nio-8887-exec-9] l.m.c.c.m.Q.selectByPrimaryKey           : ==> Parameters: 196(Long)
2021-06-30 11:17:16.511 DEBUG 23600 --- [http-nio-8887-exec-9] l.m.c.c.m.Q.selectByPrimaryKey           : <==      Total: 1
2021-06-30 11:17:16.511 DEBUG 23600 --- [http-nio-8887-exec-9] l.m.c.c.mapper.QuestionExtMapper.inView  : ==>  Preparing: update QUESTION set VIEW_COUNT = VIEW_COUNT + ? where id = ? 
2021-06-30 11:17:16.516 DEBUG 23600 --- [http-nio-8887-exec-9] l.m.c.c.mapper.QuestionExtMapper.inView  : ==> Parameters: 1(Integer), 196(Long)
2021-06-30 11:17:16.520 DEBUG 23600 --- [http-nio-8887-exec-9] l.m.c.c.mapper.QuestionExtMapper.inView  : <==    Updates: 1
2021-06-30 11:17:16.533 DEBUG 23600 --- [http-nio-8887-exec-9] l.m.c.c.m.CommentMapper.selectByExample  : ==>  Preparing: select ID, PARENT_ID, TYPE, GMT_CREATOR, GMT_MODIFIED, COMMENTATOR, LIKE_COUNT, CONTENT, COMMENT_COUNT from COMMENT WHERE ( PARENT_ID = ? and TYPE = ? ) order by gmt_creator desc 
2021-06-30 11:17:16.533 DEBUG 23600 --- [http-nio-8887-exec-9] l.m.c.c.m.CommentMapper.selectByExample  : ==> Parameters: 196(Long), 1(Integer)
2021-06-30 11:17:16.533 DEBUG 23600 --- [http-nio-8887-exec-9] l.m.c.c.m.CommentMapper.selectByExample  : <==      Total: 0
2021-06-30 11:17:23.439 DEBUG 23600 --- [http-nio-8887-exec-2] l.m.c.c.m.Q.selectByPrimaryKey           : ==>  Preparing: select ID, TITLE, GMT_CREATE, GMT_MODIFIED, CREATOR, COMMENT_COUNT, VIEW_COUNT, LIKE_COUNT, TAG , DESCRIPTION from QUESTION where ID = ? 
2021-06-30 11:17:23.439 DEBUG 23600 --- [http-nio-8887-exec-2] l.m.c.c.m.Q.selectByPrimaryKey           : ==> Parameters: 123(Long)
2021-06-30 11:17:23.439 DEBUG 23600 --- [http-nio-8887-exec-2] l.m.c.c.m.Q.selectByPrimaryKey           : <==      Total: 0
2021-06-30 11:17:23.450 ERROR 23600 --- [http-nio-8887-exec-2] o.a.c.c.C.[.[.[/].[dispatcherServlet]    : Servlet.service() for servlet [dispatcherServlet] in context with path [] threw exception [Request processing failed; nested exception is life.majiang.community.community.exception.CustomizeException: 你找的问题不存在！！！] with root cause

life.majiang.community.community.exception.CustomizeException: 你找的问题不存在！！！
	at life.majiang.community.community.service.QuestionService.getById(QuestionService.java:121) ~[classes/:na]
	at life.majiang.community.community.controller.QuestionController.question(QuestionController.java:30) ~[classes/:na]
	at sun.reflect.NativeMethodAccessorImpl.invoke0(Native Method) ~[na:1.8.0_282]
	at sun.reflect.NativeMethodAccessorImpl.invoke(NativeMethodAccessorImpl.java:62) ~[na:1.8.0_282]
	at sun.reflect.DelegatingMethodAccessorImpl.invoke(DelegatingMethodAccessorImpl.java:43) ~[na:1.8.0_282]
	at java.lang.reflect.Method.invoke(Method.java:498) ~[na:1.8.0_282]
	at org.springframework.web.method.support.InvocableHandlerMethod.doInvoke(InvocableHandlerMethod.java:197) ~[spring-web-5.3.7.jar:5.3.7]
	at org.springframework.web.method.support.InvocableHandlerMethod.invokeForRequest(InvocableHandlerMethod.java:141) ~[spring-web-5.3.7.jar:5.3.7]
	at org.springframework.web.servlet.mvc.method.annotation.ServletInvocableHandlerMethod.invokeAndHandle(ServletInvocableHandlerMethod.java:106) ~[spring-webmvc-5.3.7.jar:5.3.7]
	at org.springframework.web.servlet.mvc.method.annotation.RequestMappingHandlerAdapter.invokeHandlerMethod(RequestMappingHandlerAdapter.java:894) ~[spring-webmvc-5.3.7.jar:5.3.7]
	at org.springframework.web.servlet.mvc.method.annotation.RequestMappingHandlerAdapter.handleInternal(RequestMappingHandlerAdapter.java:808) ~[spring-webmvc-5.3.7.jar:5.3.7]
	at org.springframework.web.servlet.mvc.method.AbstractHandlerMethodAdapter.handle(AbstractHandlerMethodAdapter.java:87) ~[spring-webmvc-5.3.7.jar:5.3.7]
	at org.springframework.web.servlet.DispatcherServlet.doDispatch(DispatcherServlet.java:1063) ~[spring-webmvc-5.3.7.jar:5.3.7]
	at org.springframework.web.servlet.DispatcherServlet.doService(DispatcherServlet.java:963) ~[spring-webmvc-5.3.7.jar:5.3.7]
	at org.springframework.web.servlet.FrameworkServlet.processRequest(FrameworkServlet.java:1006) ~[spring-webmvc-5.3.7.jar:5.3.7]
	at org.springframework.web.servlet.FrameworkServlet.doGet(FrameworkServlet.java:898) ~[spring-webmvc-5.3.7.jar:5.3.7]
	at javax.servlet.http.HttpServlet.service(HttpServlet.java:626) ~[tomcat-embed-core-9.0.46.jar:4.0.FR]
	at org.springframework.web.servlet.FrameworkServlet.service(FrameworkServlet.java:883) ~[spring-webmvc-5.3.7.jar:5.3.7]
	at javax.servlet.http.HttpServlet.service(HttpServlet.java:733) ~[tomcat-embed-core-9.0.46.jar:4.0.FR]
	at org.apache.catalina.core.ApplicationFilterChain.internalDoFilter(ApplicationFilterChain.java:227) ~[tomcat-embed-core-9.0.46.jar:9.0.46]
	at org.apache.catalina.core.ApplicationFilterChain.doFilter(ApplicationFilterChain.java:162) ~[tomcat-embed-core-9.0.46.jar:9.0.46]
	at org.apache.tomcat.websocket.server.WsFilter.doFilter(WsFilter.java:53) ~[tomcat-embed-websocket-9.0.46.jar:9.0.46]
	at org.apache.catalina.core.ApplicationFilterChain.internalDoFilter(ApplicationFilterChain.java:189) ~[tomcat-embed-core-9.0.46.jar:9.0.46]
	at org.apache.catalina.core.ApplicationFilterChain.doFilter(ApplicationFilterChain.java:162) ~[tomcat-embed-core-9.0.46.jar:9.0.46]
	at org.springframework.web.filter.RequestContextFilter.doFilterInternal(RequestContextFilter.java:100) ~[spring-web-5.3.7.jar:5.3.7]
	at org.springframework.web.filter.OncePerRequestFilter.doFilter(OncePerRequestFilter.java:119) ~[spring-web-5.3.7.jar:5.3.7]
	at org.apache.catalina.core.ApplicationFilterChain.internalDoFilter(ApplicationFilterChain.java:189) ~[tomcat-embed-core-9.0.46.jar:9.0.46]
	at org.apache.catalina.core.ApplicationFilterChain.doFilter(ApplicationFilterChain.java:162) ~[tomcat-embed-core-9.0.46.jar:9.0.46]
	at org.springframework.web.filter.FormContentFilter.doFilterInternal(FormContentFilter.java:93) ~[spring-web-5.3.7.jar:5.3.7]
	at org.springframework.web.filter.OncePerRequestFilter.doFilter(OncePerRequestFilter.java:119) ~[spring-web-5.3.7.jar:5.3.7]
	at org.apache.catalina.core.ApplicationFilterChain.internalDoFilter(ApplicationFilterChain.java:189) ~[tomcat-embed-core-9.0.46.jar:9.0.46]
	at org.apache.catalina.core.ApplicationFilterChain.doFilter(ApplicationFilterChain.java:162) ~[tomcat-embed-core-9.0.46.jar:9.0.46]
	at org.springframework.web.filter.CharacterEncodingFilter.doFilterInternal(CharacterEncodingFilter.java:201) ~[spring-web-5.3.7.jar:5.3.7]
	at org.springframework.web.filter.OncePerRequestFilter.doFilter(OncePerRequestFilter.java:119) ~[spring-web-5.3.7.jar:5.3.7]
	at org.apache.catalina.core.ApplicationFilterChain.internalDoFilter(ApplicationFilterChain.java:189) ~[tomcat-embed-core-9.0.46.jar:9.0.46]
	at org.apache.catalina.core.ApplicationFilterChain.doFilter(ApplicationFilterChain.java:162) ~[tomcat-embed-core-9.0.46.jar:9.0.46]
	at org.apache.catalina.core.StandardWrapperValve.invoke(StandardWrapperValve.java:202) ~[tomcat-embed-core-9.0.46.jar:9.0.46]
	at org.apache.catalina.core.StandardContextValve.invoke(StandardContextValve.java:97) [tomcat-embed-core-9.0.46.jar:9.0.46]
	at org.apache.catalina.authenticator.AuthenticatorBase.invoke(AuthenticatorBase.java:542) [tomcat-embed-core-9.0.46.jar:9.0.46]
	at org.apache.catalina.core.StandardHostValve.invoke(StandardHostValve.java:143) [tomcat-embed-core-9.0.46.jar:9.0.46]
	at org.apache.catalina.valves.ErrorReportValve.invoke(ErrorReportValve.java:92) [tomcat-embed-core-9.0.46.jar:9.0.46]
	at org.apache.catalina.core.StandardEngineValve.invoke(StandardEngineValve.java:78) [tomcat-embed-core-9.0.46.jar:9.0.46]
	at org.apache.catalina.connector.CoyoteAdapter.service(CoyoteAdapter.java:357) [tomcat-embed-core-9.0.46.jar:9.0.46]
	at org.apache.coyote.http11.Http11Processor.service(Http11Processor.java:374) [tomcat-embed-core-9.0.46.jar:9.0.46]
	at org.apache.coyote.AbstractProcessorLight.process(AbstractProcessorLight.java:65) [tomcat-embed-core-9.0.46.jar:9.0.46]
	at org.apache.coyote.AbstractProtocol$ConnectionHandler.process(AbstractProtocol.java:893) [tomcat-embed-core-9.0.46.jar:9.0.46]
	at org.apache.tomcat.util.net.NioEndpoint$SocketProcessor.doRun(NioEndpoint.java:1707) [tomcat-embed-core-9.0.46.jar:9.0.46]
	at org.apache.tomcat.util.net.SocketProcessorBase.run(SocketProcessorBase.java:49) [tomcat-embed-core-9.0.46.jar:9.0.46]
	at java.util.concurrent.ThreadPoolExecutor.runWorker(ThreadPoolExecutor.java:1149) [na:1.8.0_282]
	at java.util.concurrent.ThreadPoolExecutor$Worker.run(ThreadPoolExecutor.java:624) [na:1.8.0_282]
	at org.apache.tomcat.util.threads.TaskThread$WrappingRunnable.run(TaskThread.java:61) [tomcat-embed-core-9.0.46.jar:9.0.46]
	at java.lang.Thread.run(Thread.java:748) [na:1.8.0_282]

2021-06-30 11:21:16.902  INFO 6604 --- [restartedMain] l.m.c.community.CommunityApplication     : Starting CommunityApplication using Java 1.8.0_282 on DESKTOP-RNBM3MT with PID 6604 (D:\ChromeCoreDownloads\community\target\classes started by ZL in D:\ChromeCoreDownloads\community)
2021-06-30 11:21:16.904  INFO 6604 --- [restartedMain] l.m.c.community.CommunityApplication     : No active profile set, falling back to default profiles: default
2021-06-30 11:21:16.947  INFO 6604 --- [restartedMain] .e.DevToolsPropertyDefaultsPostProcessor : Devtools property defaults active! Set 'spring.devtools.add-properties' to 'false' to disable
2021-06-30 11:21:16.948  INFO 6604 --- [restartedMain] .e.DevToolsPropertyDefaultsPostProcessor : For additional web related logging consider setting the 'logging.level.web' property to 'DEBUG'
2021-06-30 11:21:17.728  INFO 6604 --- [restartedMain] o.s.b.w.embedded.tomcat.TomcatWebServer  : Tomcat initialized with port(s): 8887 (http)
2021-06-30 11:21:17.734  INFO 6604 --- [restartedMain] o.apache.catalina.core.StandardService   : Starting service [Tomcat]
2021-06-30 11:21:17.734  INFO 6604 --- [restartedMain] org.apache.catalina.core.StandardEngine  : Starting Servlet engine: [Apache Tomcat/9.0.46]
2021-06-30 11:21:17.799  INFO 6604 --- [restartedMain] o.a.c.c.C.[Tomcat].[localhost].[/]       : Initializing Spring embedded WebApplicationContext
2021-06-30 11:21:17.800  INFO 6604 --- [restartedMain] w.s.c.ServletWebServerApplicationContext : Root WebApplicationContext: initialization completed in 852 ms
2021-06-30 11:21:17.819  INFO 6604 --- [restartedMain] com.zaxxer.hikari.HikariDataSource       : HikariPool-1 - Starting...
2021-06-30 11:21:17.904  INFO 6604 --- [restartedMain] com.zaxxer.hikari.HikariDataSource       : HikariPool-1 - Start completed.
2021-06-30 11:21:17.908  INFO 6604 --- [restartedMain] o.s.b.a.h2.H2ConsoleAutoConfiguration    : H2 console available at '/h2-console'. Database available at 'jdbc:h2:~/community'
2021-06-30 11:21:18.386  INFO 6604 --- [restartedMain] o.s.b.a.w.s.WelcomePageHandlerMapping    : Adding welcome page template: index
2021-06-30 11:21:18.584  INFO 6604 --- [restartedMain] o.s.b.d.a.OptionalLiveReloadServer       : LiveReload server is running on port 35729
2021-06-30 11:21:18.612  INFO 6604 --- [restartedMain] o.s.b.w.embedded.tomcat.TomcatWebServer  : Tomcat started on port(s): 8887 (http) with context path ''
2021-06-30 11:21:18.621  INFO 6604 --- [restartedMain] l.m.c.community.CommunityApplication     : Started CommunityApplication in 2.013 seconds (JVM running for 2.965)
2021-06-30 11:21:18.623  INFO 6604 --- [restartedMain] o.s.b.a.ApplicationAvailabilityBean      : Application availability state LivenessState changed to CORRECT
2021-06-30 11:21:18.624  INFO 6604 --- [restartedMain] o.s.b.a.ApplicationAvailabilityBean      : Application availability state ReadinessState changed to ACCEPTING_TRAFFIC
2021-06-30 11:21:24.303  INFO 14584 --- [restartedMain] l.m.c.community.CommunityApplication     : Starting CommunityApplication using Java 1.8.0_282 on DESKTOP-RNBM3MT with PID 14584 (D:\ChromeCoreDownloads\community\target\classes started by ZL in D:\ChromeCoreDownloads\community)
2021-06-30 11:21:24.306  INFO 14584 --- [restartedMain] l.m.c.community.CommunityApplication     : No active profile set, falling back to default profiles: default
2021-06-30 11:21:24.378  INFO 14584 --- [restartedMain] .e.DevToolsPropertyDefaultsPostProcessor : Devtools property defaults active! Set 'spring.devtools.add-properties' to 'false' to disable
2021-06-30 11:21:24.379  INFO 14584 --- [restartedMain] .e.DevToolsPropertyDefaultsPostProcessor : For additional web related logging consider setting the 'logging.level.web' property to 'DEBUG'
2021-06-30 11:21:25.187  INFO 14584 --- [restartedMain] o.s.b.w.embedded.tomcat.TomcatWebServer  : Tomcat initialized with port(s): 8887 (http)
2021-06-30 11:21:25.193  INFO 14584 --- [restartedMain] o.apache.catalina.core.StandardService   : Starting service [Tomcat]
2021-06-30 11:21:25.193  INFO 14584 --- [restartedMain] org.apache.catalina.core.StandardEngine  : Starting Servlet engine: [Apache Tomcat/9.0.46]
2021-06-30 11:21:25.260  INFO 14584 --- [restartedMain] o.a.c.c.C.[Tomcat].[localhost].[/]       : Initializing Spring embedded WebApplicationContext
2021-06-30 11:21:25.260  INFO 14584 --- [restartedMain] w.s.c.ServletWebServerApplicationContext : Root WebApplicationContext: initialization completed in 880 ms
2021-06-30 11:21:25.278  INFO 14584 --- [restartedMain] com.zaxxer.hikari.HikariDataSource       : HikariPool-1 - Starting...
2021-06-30 11:21:25.363  INFO 14584 --- [restartedMain] com.zaxxer.hikari.HikariDataSource       : HikariPool-1 - Start completed.
2021-06-30 11:21:25.366  INFO 14584 --- [restartedMain] o.s.b.a.h2.H2ConsoleAutoConfiguration    : H2 console available at '/h2-console'. Database available at 'jdbc:h2:~/community'
2021-06-30 11:21:25.802  INFO 14584 --- [restartedMain] o.s.b.a.w.s.WelcomePageHandlerMapping    : Adding welcome page template: index
2021-06-30 11:21:26.029  INFO 14584 --- [restartedMain] o.s.b.d.a.OptionalLiveReloadServer       : LiveReload server is running on port 35729
2021-06-30 11:21:26.055  INFO 14584 --- [restartedMain] o.s.b.w.embedded.tomcat.TomcatWebServer  : Tomcat started on port(s): 8887 (http) with context path ''
2021-06-30 11:21:26.063  INFO 14584 --- [restartedMain] l.m.c.community.CommunityApplication     : Started CommunityApplication in 2.163 seconds (JVM running for 3.21)
2021-06-30 11:21:26.064  INFO 14584 --- [restartedMain] o.s.b.a.ApplicationAvailabilityBean      : Application availability state LivenessState changed to CORRECT
2021-06-30 11:21:26.067  INFO 14584 --- [restartedMain] o.s.b.a.ApplicationAvailabilityBean      : Application availability state ReadinessState changed to ACCEPTING_TRAFFIC
2021-06-30 11:21:34.258  INFO 14584 --- [http-nio-8887-exec-1] o.a.c.c.C.[Tomcat].[localhost].[/]       : Initializing Spring DispatcherServlet 'dispatcherServlet'
2021-06-30 11:21:34.259  INFO 14584 --- [http-nio-8887-exec-1] o.s.web.servlet.DispatcherServlet        : Initializing Servlet 'dispatcherServlet'
2021-06-30 11:21:34.259  INFO 14584 --- [http-nio-8887-exec-1] o.s.web.servlet.DispatcherServlet        : Completed initialization in 0 ms
2021-06-30 11:21:34.289 DEBUG 14584 --- [http-nio-8887-exec-1] l.m.c.c.m.Q.selectByPrimaryKey           : ==>  Preparing: select ID, TITLE, GMT_CREATE, GMT_MODIFIED, CREATOR, COMMENT_COUNT, VIEW_COUNT, LIKE_COUNT, TAG , DESCRIPTION from QUESTION where ID = ? 
2021-06-30 11:21:34.309 DEBUG 14584 --- [http-nio-8887-exec-1] l.m.c.c.m.Q.selectByPrimaryKey           : ==> Parameters: 123(Long)
2021-06-30 11:21:34.318 DEBUG 14584 --- [http-nio-8887-exec-1] l.m.c.c.m.Q.selectByPrimaryKey           : <==      Total: 0
2021-06-30 11:21:34.326 ERROR 14584 --- [http-nio-8887-exec-1] o.a.c.c.C.[.[.[/].[dispatcherServlet]    : Servlet.service() for servlet [dispatcherServlet] in context with path [] threw exception [Request processing failed; nested exception is life.majiang.community.community.exception.CustomizeException: 你找的问题不存在！！！] with root cause

life.majiang.community.community.exception.CustomizeException: 你找的问题不存在！！！
	at life.majiang.community.community.service.QuestionService.getById(QuestionService.java:121) ~[classes/:na]
	at life.majiang.community.community.controller.QuestionController.question(QuestionController.java:30) ~[classes/:na]
	at sun.reflect.NativeMethodAccessorImpl.invoke0(Native Method) ~[na:1.8.0_282]
	at sun.reflect.NativeMethodAccessorImpl.invoke(NativeMethodAccessorImpl.java:62) ~[na:1.8.0_282]
	at sun.reflect.DelegatingMethodAccessorImpl.invoke(DelegatingMethodAccessorImpl.java:43) ~[na:1.8.0_282]
	at java.lang.reflect.Method.invoke(Method.java:498) ~[na:1.8.0_282]
	at org.springframework.web.method.support.InvocableHandlerMethod.doInvoke(InvocableHandlerMethod.java:197) ~[spring-web-5.3.7.jar:5.3.7]
	at org.springframework.web.method.support.InvocableHandlerMethod.invokeForRequest(InvocableHandlerMethod.java:141) ~[spring-web-5.3.7.jar:5.3.7]
	at org.springframework.web.servlet.mvc.method.annotation.ServletInvocableHandlerMethod.invokeAndHandle(ServletInvocableHandlerMethod.java:106) ~[spring-webmvc-5.3.7.jar:5.3.7]
	at org.springframework.web.servlet.mvc.method.annotation.RequestMappingHandlerAdapter.invokeHandlerMethod(RequestMappingHandlerAdapter.java:894) ~[spring-webmvc-5.3.7.jar:5.3.7]
	at org.springframework.web.servlet.mvc.method.annotation.RequestMappingHandlerAdapter.handleInternal(RequestMappingHandlerAdapter.java:808) ~[spring-webmvc-5.3.7.jar:5.3.7]
	at org.springframework.web.servlet.mvc.method.AbstractHandlerMethodAdapter.handle(AbstractHandlerMethodAdapter.java:87) ~[spring-webmvc-5.3.7.jar:5.3.7]
	at org.springframework.web.servlet.DispatcherServlet.doDispatch(DispatcherServlet.java:1063) ~[spring-webmvc-5.3.7.jar:5.3.7]
	at org.springframework.web.servlet.DispatcherServlet.doService(DispatcherServlet.java:963) ~[spring-webmvc-5.3.7.jar:5.3.7]
	at org.springframework.web.servlet.FrameworkServlet.processRequest(FrameworkServlet.java:1006) ~[spring-webmvc-5.3.7.jar:5.3.7]
	at org.springframework.web.servlet.FrameworkServlet.doGet(FrameworkServlet.java:898) ~[spring-webmvc-5.3.7.jar:5.3.7]
	at javax.servlet.http.HttpServlet.service(HttpServlet.java:626) ~[tomcat-embed-core-9.0.46.jar:4.0.FR]
	at org.springframework.web.servlet.FrameworkServlet.service(FrameworkServlet.java:883) ~[spring-webmvc-5.3.7.jar:5.3.7]
	at javax.servlet.http.HttpServlet.service(HttpServlet.java:733) ~[tomcat-embed-core-9.0.46.jar:4.0.FR]
	at org.apache.catalina.core.ApplicationFilterChain.internalDoFilter(ApplicationFilterChain.java:227) ~[tomcat-embed-core-9.0.46.jar:9.0.46]
	at org.apache.catalina.core.ApplicationFilterChain.doFilter(ApplicationFilterChain.java:162) ~[tomcat-embed-core-9.0.46.jar:9.0.46]
	at org.apache.tomcat.websocket.server.WsFilter.doFilter(WsFilter.java:53) ~[tomcat-embed-websocket-9.0.46.jar:9.0.46]
	at org.apache.catalina.core.ApplicationFilterChain.internalDoFilter(ApplicationFilterChain.java:189) ~[tomcat-embed-core-9.0.46.jar:9.0.46]
	at org.apache.catalina.core.ApplicationFilterChain.doFilter(ApplicationFilterChain.java:162) ~[tomcat-embed-core-9.0.46.jar:9.0.46]
	at org.springframework.web.filter.RequestContextFilter.doFilterInternal(RequestContextFilter.java:100) ~[spring-web-5.3.7.jar:5.3.7]
	at org.springframework.web.filter.OncePerRequestFilter.doFilter(OncePerRequestFilter.java:119) ~[spring-web-5.3.7.jar:5.3.7]
	at org.apache.catalina.core.ApplicationFilterChain.internalDoFilter(ApplicationFilterChain.java:189) ~[tomcat-embed-core-9.0.46.jar:9.0.46]
	at org.apache.catalina.core.ApplicationFilterChain.doFilter(ApplicationFilterChain.java:162) ~[tomcat-embed-core-9.0.46.jar:9.0.46]
	at org.springframework.web.filter.FormContentFilter.doFilterInternal(FormContentFilter.java:93) ~[spring-web-5.3.7.jar:5.3.7]
	at org.springframework.web.filter.OncePerRequestFilter.doFilter(OncePerRequestFilter.java:119) ~[spring-web-5.3.7.jar:5.3.7]
	at org.apache.catalina.core.ApplicationFilterChain.internalDoFilter(ApplicationFilterChain.java:189) ~[tomcat-embed-core-9.0.46.jar:9.0.46]
	at org.apache.catalina.core.ApplicationFilterChain.doFilter(ApplicationFilterChain.java:162) ~[tomcat-embed-core-9.0.46.jar:9.0.46]
	at org.springframework.web.filter.CharacterEncodingFilter.doFilterInternal(CharacterEncodingFilter.java:201) ~[spring-web-5.3.7.jar:5.3.7]
	at org.springframework.web.filter.OncePerRequestFilter.doFilter(OncePerRequestFilter.java:119) ~[spring-web-5.3.7.jar:5.3.7]
	at org.apache.catalina.core.ApplicationFilterChain.internalDoFilter(ApplicationFilterChain.java:189) ~[tomcat-embed-core-9.0.46.jar:9.0.46]
	at org.apache.catalina.core.ApplicationFilterChain.doFilter(ApplicationFilterChain.java:162) ~[tomcat-embed-core-9.0.46.jar:9.0.46]
	at org.apache.catalina.core.StandardWrapperValve.invoke(StandardWrapperValve.java:202) ~[tomcat-embed-core-9.0.46.jar:9.0.46]
	at org.apache.catalina.core.StandardContextValve.invoke(StandardContextValve.java:97) [tomcat-embed-core-9.0.46.jar:9.0.46]
	at org.apache.catalina.authenticator.AuthenticatorBase.invoke(AuthenticatorBase.java:542) [tomcat-embed-core-9.0.46.jar:9.0.46]
	at org.apache.catalina.core.StandardHostValve.invoke(StandardHostValve.java:143) [tomcat-embed-core-9.0.46.jar:9.0.46]
	at org.apache.catalina.valves.ErrorReportValve.invoke(ErrorReportValve.java:92) [tomcat-embed-core-9.0.46.jar:9.0.46]
	at org.apache.catalina.core.StandardEngineValve.invoke(StandardEngineValve.java:78) [tomcat-embed-core-9.0.46.jar:9.0.46]
	at org.apache.catalina.connector.CoyoteAdapter.service(CoyoteAdapter.java:357) [tomcat-embed-core-9.0.46.jar:9.0.46]
	at org.apache.coyote.http11.Http11Processor.service(Http11Processor.java:374) [tomcat-embed-core-9.0.46.jar:9.0.46]
	at org.apache.coyote.AbstractProcessorLight.process(AbstractProcessorLight.java:65) [tomcat-embed-core-9.0.46.jar:9.0.46]
	at org.apache.coyote.AbstractProtocol$ConnectionHandler.process(AbstractProtocol.java:893) [tomcat-embed-core-9.0.46.jar:9.0.46]
	at org.apache.tomcat.util.net.NioEndpoint$SocketProcessor.doRun(NioEndpoint.java:1707) [tomcat-embed-core-9.0.46.jar:9.0.46]
	at org.apache.tomcat.util.net.SocketProcessorBase.run(SocketProcessorBase.java:49) [tomcat-embed-core-9.0.46.jar:9.0.46]
	at java.util.concurrent.ThreadPoolExecutor.runWorker(ThreadPoolExecutor.java:1149) [na:1.8.0_282]
	at java.util.concurrent.ThreadPoolExecutor$Worker.run(ThreadPoolExecutor.java:624) [na:1.8.0_282]
	at org.apache.tomcat.util.threads.TaskThread$WrappingRunnable.run(TaskThread.java:61) [tomcat-embed-core-9.0.46.jar:9.0.46]
	at java.lang.Thread.run(Thread.java:748) [na:1.8.0_282]

2021-06-30 11:21:39.967 DEBUG 14584 --- [http-nio-8887-exec-7] l.m.c.c.m.Q.selectByPrimaryKey           : ==>  Preparing: select ID, TITLE, GMT_CREATE, GMT_MODIFIED, CREATOR, COMMENT_COUNT, VIEW_COUNT, LIKE_COUNT, TAG , DESCRIPTION from QUESTION where ID = ? 
2021-06-30 11:21:39.968 DEBUG 14584 --- [http-nio-8887-exec-7] l.m.c.c.m.Q.selectByPrimaryKey           : ==> Parameters: 123(Long)
2021-06-30 11:21:39.968 DEBUG 14584 --- [http-nio-8887-exec-7] l.m.c.c.m.Q.selectByPrimaryKey           : <==      Total: 0
2021-06-30 11:21:39.969 ERROR 14584 --- [http-nio-8887-exec-7] o.a.c.c.C.[.[.[/].[dispatcherServlet]    : Servlet.service() for servlet [dispatcherServlet] in context with path [] threw exception [Request processing failed; nested exception is life.majiang.community.community.exception.CustomizeException: 你找的问题不存在！！！] with root cause

life.majiang.community.community.exception.CustomizeException: 你找的问题不存在！！！
	at life.majiang.community.community.service.QuestionService.getById(QuestionService.java:121) ~[classes/:na]
	at life.majiang.community.community.controller.QuestionController.question(QuestionController.java:30) ~[classes/:na]
	at sun.reflect.NativeMethodAccessorImpl.invoke0(Native Method) ~[na:1.8.0_282]
	at sun.reflect.NativeMethodAccessorImpl.invoke(NativeMethodAccessorImpl.java:62) ~[na:1.8.0_282]
	at sun.reflect.DelegatingMethodAccessorImpl.invoke(DelegatingMethodAccessorImpl.java:43) ~[na:1.8.0_282]
	at java.lang.reflect.Method.invoke(Method.java:498) ~[na:1.8.0_282]
	at org.springframework.web.method.support.InvocableHandlerMethod.doInvoke(InvocableHandlerMethod.java:197) ~[spring-web-5.3.7.jar:5.3.7]
	at org.springframework.web.method.support.InvocableHandlerMethod.invokeForRequest(InvocableHandlerMethod.java:141) ~[spring-web-5.3.7.jar:5.3.7]
	at org.springframework.web.servlet.mvc.method.annotation.ServletInvocableHandlerMethod.invokeAndHandle(ServletInvocableHandlerMethod.java:106) ~[spring-webmvc-5.3.7.jar:5.3.7]
	at org.springframework.web.servlet.mvc.method.annotation.RequestMappingHandlerAdapter.invokeHandlerMethod(RequestMappingHandlerAdapter.java:894) ~[spring-webmvc-5.3.7.jar:5.3.7]
	at org.springframework.web.servlet.mvc.method.annotation.RequestMappingHandlerAdapter.handleInternal(RequestMappingHandlerAdapter.java:808) ~[spring-webmvc-5.3.7.jar:5.3.7]
	at org.springframework.web.servlet.mvc.method.AbstractHandlerMethodAdapter.handle(AbstractHandlerMethodAdapter.java:87) ~[spring-webmvc-5.3.7.jar:5.3.7]
	at org.springframework.web.servlet.DispatcherServlet.doDispatch(DispatcherServlet.java:1063) ~[spring-webmvc-5.3.7.jar:5.3.7]
	at org.springframework.web.servlet.DispatcherServlet.doService(DispatcherServlet.java:963) ~[spring-webmvc-5.3.7.jar:5.3.7]
	at org.springframework.web.servlet.FrameworkServlet.processRequest(FrameworkServlet.java:1006) ~[spring-webmvc-5.3.7.jar:5.3.7]
	at org.springframework.web.servlet.FrameworkServlet.doGet(FrameworkServlet.java:898) ~[spring-webmvc-5.3.7.jar:5.3.7]
	at javax.servlet.http.HttpServlet.service(HttpServlet.java:626) ~[tomcat-embed-core-9.0.46.jar:4.0.FR]
	at org.springframework.web.servlet.FrameworkServlet.service(FrameworkServlet.java:883) ~[spring-webmvc-5.3.7.jar:5.3.7]
	at javax.servlet.http.HttpServlet.service(HttpServlet.java:733) ~[tomcat-embed-core-9.0.46.jar:4.0.FR]
	at org.apache.catalina.core.ApplicationFilterChain.internalDoFilter(ApplicationFilterChain.java:227) ~[tomcat-embed-core-9.0.46.jar:9.0.46]
	at org.apache.catalina.core.ApplicationFilterChain.doFilter(ApplicationFilterChain.java:162) ~[tomcat-embed-core-9.0.46.jar:9.0.46]
	at org.apache.tomcat.websocket.server.WsFilter.doFilter(WsFilter.java:53) ~[tomcat-embed-websocket-9.0.46.jar:9.0.46]
	at org.apache.catalina.core.ApplicationFilterChain.internalDoFilter(ApplicationFilterChain.java:189) ~[tomcat-embed-core-9.0.46.jar:9.0.46]
	at org.apache.catalina.core.ApplicationFilterChain.doFilter(ApplicationFilterChain.java:162) ~[tomcat-embed-core-9.0.46.jar:9.0.46]
	at org.springframework.web.filter.RequestContextFilter.doFilterInternal(RequestContextFilter.java:100) ~[spring-web-5.3.7.jar:5.3.7]
	at org.springframework.web.filter.OncePerRequestFilter.doFilter(OncePerRequestFilter.java:119) ~[spring-web-5.3.7.jar:5.3.7]
	at org.apache.catalina.core.ApplicationFilterChain.internalDoFilter(ApplicationFilterChain.java:189) ~[tomcat-embed-core-9.0.46.jar:9.0.46]
	at org.apache.catalina.core.ApplicationFilterChain.doFilter(ApplicationFilterChain.java:162) ~[tomcat-embed-core-9.0.46.jar:9.0.46]
	at org.springframework.web.filter.FormContentFilter.doFilterInternal(FormContentFilter.java:93) ~[spring-web-5.3.7.jar:5.3.7]
	at org.springframework.web.filter.OncePerRequestFilter.doFilter(OncePerRequestFilter.java:119) ~[spring-web-5.3.7.jar:5.3.7]
	at org.apache.catalina.core.ApplicationFilterChain.internalDoFilter(ApplicationFilterChain.java:189) ~[tomcat-embed-core-9.0.46.jar:9.0.46]
	at org.apache.catalina.core.ApplicationFilterChain.doFilter(ApplicationFilterChain.java:162) ~[tomcat-embed-core-9.0.46.jar:9.0.46]
	at org.springframework.web.filter.CharacterEncodingFilter.doFilterInternal(CharacterEncodingFilter.java:201) ~[spring-web-5.3.7.jar:5.3.7]
	at org.springframework.web.filter.OncePerRequestFilter.doFilter(OncePerRequestFilter.java:119) ~[spring-web-5.3.7.jar:5.3.7]
	at org.apache.catalina.core.ApplicationFilterChain.internalDoFilter(ApplicationFilterChain.java:189) ~[tomcat-embed-core-9.0.46.jar:9.0.46]
	at org.apache.catalina.core.ApplicationFilterChain.doFilter(ApplicationFilterChain.java:162) ~[tomcat-embed-core-9.0.46.jar:9.0.46]
	at org.apache.catalina.core.StandardWrapperValve.invoke(StandardWrapperValve.java:202) ~[tomcat-embed-core-9.0.46.jar:9.0.46]
	at org.apache.catalina.core.StandardContextValve.invoke(StandardContextValve.java:97) [tomcat-embed-core-9.0.46.jar:9.0.46]
	at org.apache.catalina.authenticator.AuthenticatorBase.invoke(AuthenticatorBase.java:542) [tomcat-embed-core-9.0.46.jar:9.0.46]
	at org.apache.catalina.core.StandardHostValve.invoke(StandardHostValve.java:143) [tomcat-embed-core-9.0.46.jar:9.0.46]
	at org.apache.catalina.valves.ErrorReportValve.invoke(ErrorReportValve.java:92) [tomcat-embed-core-9.0.46.jar:9.0.46]
	at org.apache.catalina.core.StandardEngineValve.invoke(StandardEngineValve.java:78) [tomcat-embed-core-9.0.46.jar:9.0.46]
	at org.apache.catalina.connector.CoyoteAdapter.service(CoyoteAdapter.java:357) [tomcat-embed-core-9.0.46.jar:9.0.46]
	at org.apache.coyote.http11.Http11Processor.service(Http11Processor.java:374) [tomcat-embed-core-9.0.46.jar:9.0.46]
	at org.apache.coyote.AbstractProcessorLight.process(AbstractProcessorLight.java:65) [tomcat-embed-core-9.0.46.jar:9.0.46]
	at org.apache.coyote.AbstractProtocol$ConnectionHandler.process(AbstractProtocol.java:893) [tomcat-embed-core-9.0.46.jar:9.0.46]
	at org.apache.tomcat.util.net.NioEndpoint$SocketProcessor.doRun(NioEndpoint.java:1707) [tomcat-embed-core-9.0.46.jar:9.0.46]
	at org.apache.tomcat.util.net.SocketProcessorBase.run(SocketProcessorBase.java:49) [tomcat-embed-core-9.0.46.jar:9.0.46]
	at java.util.concurrent.ThreadPoolExecutor.runWorker(ThreadPoolExecutor.java:1149) [na:1.8.0_282]
	at java.util.concurrent.ThreadPoolExecutor$Worker.run(ThreadPoolExecutor.java:624) [na:1.8.0_282]
	at org.apache.tomcat.util.threads.TaskThread$WrappingRunnable.run(TaskThread.java:61) [tomcat-embed-core-9.0.46.jar:9.0.46]
	at java.lang.Thread.run(Thread.java:748) [na:1.8.0_282]

2021-06-30 11:21:49.769 DEBUG 14584 --- [http-nio-8887-exec-5] l.m.c.c.m.Q.countBySearch                : ==>  Preparing: select count (*) from QUESTION 
2021-06-30 11:21:49.770 DEBUG 14584 --- [http-nio-8887-exec-5] l.m.c.c.m.Q.countBySearch                : ==> Parameters: 
2021-06-30 11:21:49.772 DEBUG 14584 --- [http-nio-8887-exec-5] l.m.c.c.m.Q.countBySearch                : <==      Total: 1
2021-06-30 11:21:49.773 DEBUG 14584 --- [http-nio-8887-exec-5] l.m.c.c.m.Q.selectBySearch               : ==>  Preparing: select * from QUESTION order by gmt_create desc limit ?,? 
2021-06-30 11:21:49.773 DEBUG 14584 --- [http-nio-8887-exec-5] l.m.c.c.m.Q.selectBySearch               : ==> Parameters: 0(Integer), 5(Integer)
2021-06-30 11:21:49.777 DEBUG 14584 --- [http-nio-8887-exec-5] l.m.c.c.m.Q.selectBySearch               : <==      Total: 5
2021-06-30 11:21:49.778 DEBUG 14584 --- [http-nio-8887-exec-5] l.m.c.c.m.UserMapper.selectByPrimaryKey  : ==>  Preparing: select ID, ACCOUNT_ID, NAME, TOKEN, GMT_CREAT, GMT_MODIFIED, BIO, AVATAR_URL from USER where ID = ? 
2021-06-30 11:21:49.778 DEBUG 14584 --- [http-nio-8887-exec-5] l.m.c.c.m.UserMapper.selectByPrimaryKey  : ==> Parameters: 1(Long)
2021-06-30 11:21:49.780 DEBUG 14584 --- [http-nio-8887-exec-5] l.m.c.c.m.UserMapper.selectByPrimaryKey  : <==      Total: 1
2021-06-30 11:21:49.784 DEBUG 14584 --- [http-nio-8887-exec-5] l.m.c.c.m.UserMapper.selectByPrimaryKey  : ==>  Preparing: select ID, ACCOUNT_ID, NAME, TOKEN, GMT_CREAT, GMT_MODIFIED, BIO, AVATAR_URL from USER where ID = ? 
2021-06-30 11:21:49.785 DEBUG 14584 --- [http-nio-8887-exec-5] l.m.c.c.m.UserMapper.selectByPrimaryKey  : ==> Parameters: 1(Long)
2021-06-30 11:21:49.785 DEBUG 14584 --- [http-nio-8887-exec-5] l.m.c.c.m.UserMapper.selectByPrimaryKey  : <==      Total: 1
2021-06-30 11:21:49.786 DEBUG 14584 --- [http-nio-8887-exec-5] l.m.c.c.m.UserMapper.selectByPrimaryKey  : ==>  Preparing: select ID, ACCOUNT_ID, NAME, TOKEN, GMT_CREAT, GMT_MODIFIED, BIO, AVATAR_URL from USER where ID = ? 
2021-06-30 11:21:49.786 DEBUG 14584 --- [http-nio-8887-exec-5] l.m.c.c.m.UserMapper.selectByPrimaryKey  : ==> Parameters: 1(Long)
2021-06-30 11:21:49.786 DEBUG 14584 --- [http-nio-8887-exec-5] l.m.c.c.m.UserMapper.selectByPrimaryKey  : <==      Total: 1
2021-06-30 11:21:49.786 DEBUG 14584 --- [http-nio-8887-exec-5] l.m.c.c.m.UserMapper.selectByPrimaryKey  : ==>  Preparing: select ID, ACCOUNT_ID, NAME, TOKEN, GMT_CREAT, GMT_MODIFIED, BIO, AVATAR_URL from USER where ID = ? 
2021-06-30 11:21:49.787 DEBUG 14584 --- [http-nio-8887-exec-5] l.m.c.c.m.UserMapper.selectByPrimaryKey  : ==> Parameters: 1(Long)
2021-06-30 11:21:49.787 DEBUG 14584 --- [http-nio-8887-exec-5] l.m.c.c.m.UserMapper.selectByPrimaryKey  : <==      Total: 1
2021-06-30 11:21:49.787 DEBUG 14584 --- [http-nio-8887-exec-5] l.m.c.c.m.UserMapper.selectByPrimaryKey  : ==>  Preparing: select ID, ACCOUNT_ID, NAME, TOKEN, GMT_CREAT, GMT_MODIFIED, BIO, AVATAR_URL from USER where ID = ? 
2021-06-30 11:21:49.787 DEBUG 14584 --- [http-nio-8887-exec-5] l.m.c.c.m.UserMapper.selectByPrimaryKey  : ==> Parameters: 1(Long)
2021-06-30 11:21:49.787 DEBUG 14584 --- [http-nio-8887-exec-5] l.m.c.c.m.UserMapper.selectByPrimaryKey  : <==      Total: 1
2021-06-30 11:22:40.799  INFO 7344 --- [restartedMain] l.m.c.community.CommunityApplication     : Starting CommunityApplication using Java 1.8.0_282 on DESKTOP-RNBM3MT with PID 7344 (D:\ChromeCoreDownloads\community\target\classes started by ZL in D:\ChromeCoreDownloads\community)
2021-06-30 11:22:40.802  INFO 7344 --- [restartedMain] l.m.c.community.CommunityApplication     : No active profile set, falling back to default profiles: default
2021-06-30 11:22:40.854  INFO 7344 --- [restartedMain] .e.DevToolsPropertyDefaultsPostProcessor : Devtools property defaults active! Set 'spring.devtools.add-properties' to 'false' to disable
2021-06-30 11:22:40.854  INFO 7344 --- [restartedMain] .e.DevToolsPropertyDefaultsPostProcessor : For additional web related logging consider setting the 'logging.level.web' property to 'DEBUG'
2021-06-30 11:22:41.777  INFO 7344 --- [restartedMain] o.s.b.w.embedded.tomcat.TomcatWebServer  : Tomcat initialized with port(s): 8887 (http)
2021-06-30 11:22:41.784  INFO 7344 --- [restartedMain] o.apache.catalina.core.StandardService   : Starting service [Tomcat]
2021-06-30 11:22:41.784  INFO 7344 --- [restartedMain] org.apache.catalina.core.StandardEngine  : Starting Servlet engine: [Apache Tomcat/9.0.46]
2021-06-30 11:22:41.851  INFO 7344 --- [restartedMain] o.a.c.c.C.[Tomcat].[localhost].[/]       : Initializing Spring embedded WebApplicationContext
2021-06-30 11:22:41.851  INFO 7344 --- [restartedMain] w.s.c.ServletWebServerApplicationContext : Root WebApplicationContext: initialization completed in 996 ms
2021-06-30 11:22:41.872  INFO 7344 --- [restartedMain] com.zaxxer.hikari.HikariDataSource       : HikariPool-1 - Starting...
2021-06-30 11:22:41.956  INFO 7344 --- [restartedMain] com.zaxxer.hikari.HikariDataSource       : HikariPool-1 - Start completed.
2021-06-30 11:22:41.960  INFO 7344 --- [restartedMain] o.s.b.a.h2.H2ConsoleAutoConfiguration    : H2 console available at '/h2-console'. Database available at 'jdbc:h2:~/community'
2021-06-30 11:22:42.426  INFO 7344 --- [restartedMain] o.s.b.a.w.s.WelcomePageHandlerMapping    : Adding welcome page template: index
2021-06-30 11:22:42.611  INFO 7344 --- [restartedMain] o.s.b.d.a.OptionalLiveReloadServer       : LiveReload server is running on port 35729
2021-06-30 11:22:42.637  INFO 7344 --- [restartedMain] o.s.b.w.embedded.tomcat.TomcatWebServer  : Tomcat started on port(s): 8887 (http) with context path ''
2021-06-30 11:22:42.645  INFO 7344 --- [restartedMain] l.m.c.community.CommunityApplication     : Started CommunityApplication in 2.266 seconds (JVM running for 3.215)
2021-06-30 11:22:42.646  INFO 7344 --- [restartedMain] o.s.b.a.ApplicationAvailabilityBean      : Application availability state LivenessState changed to CORRECT
2021-06-30 11:22:42.648  INFO 7344 --- [restartedMain] o.s.b.a.ApplicationAvailabilityBean      : Application availability state ReadinessState changed to ACCEPTING_TRAFFIC
2021-06-30 11:22:43.346  INFO 7344 --- [http-nio-8887-exec-1] o.a.c.c.C.[Tomcat].[localhost].[/]       : Initializing Spring DispatcherServlet 'dispatcherServlet'
2021-06-30 11:22:43.346  INFO 7344 --- [http-nio-8887-exec-1] o.s.web.servlet.DispatcherServlet        : Initializing Servlet 'dispatcherServlet'
2021-06-30 11:22:43.347  INFO 7344 --- [http-nio-8887-exec-1] o.s.web.servlet.DispatcherServlet        : Completed initialization in 1 ms
2021-06-30 11:22:56.178 DEBUG 7344 --- [http-nio-8887-exec-3] l.m.c.c.m.Q.countBySearch                : ==>  Preparing: select count (*) from QUESTION 
2021-06-30 11:22:56.193 DEBUG 7344 --- [http-nio-8887-exec-3] l.m.c.c.m.Q.countBySearch                : ==> Parameters: 
2021-06-30 11:22:56.206 DEBUG 7344 --- [http-nio-8887-exec-3] l.m.c.c.m.Q.countBySearch                : <==      Total: 1
2021-06-30 11:22:56.208 DEBUG 7344 --- [http-nio-8887-exec-3] l.m.c.c.m.Q.selectBySearch               : ==>  Preparing: select * from QUESTION order by gmt_create desc limit ?,? 
2021-06-30 11:22:56.210 DEBUG 7344 --- [http-nio-8887-exec-3] l.m.c.c.m.Q.selectBySearch               : ==> Parameters: 0(Integer), 5(Integer)
2021-06-30 11:22:56.214 DEBUG 7344 --- [http-nio-8887-exec-3] l.m.c.c.m.Q.selectBySearch               : <==      Total: 5
2021-06-30 11:22:56.215 DEBUG 7344 --- [http-nio-8887-exec-3] l.m.c.c.m.UserMapper.selectByPrimaryKey  : ==>  Preparing: select ID, ACCOUNT_ID, NAME, TOKEN, GMT_CREAT, GMT_MODIFIED, BIO, AVATAR_URL from USER where ID = ? 
2021-06-30 11:22:56.216 DEBUG 7344 --- [http-nio-8887-exec-3] l.m.c.c.m.UserMapper.selectByPrimaryKey  : ==> Parameters: 1(Long)
2021-06-30 11:22:56.217 DEBUG 7344 --- [http-nio-8887-exec-3] l.m.c.c.m.UserMapper.selectByPrimaryKey  : <==      Total: 1
2021-06-30 11:22:56.220 DEBUG 7344 --- [http-nio-8887-exec-3] l.m.c.c.m.UserMapper.selectByPrimaryKey  : ==>  Preparing: select ID, ACCOUNT_ID, NAME, TOKEN, GMT_CREAT, GMT_MODIFIED, BIO, AVATAR_URL from USER where ID = ? 
2021-06-30 11:22:56.220 DEBUG 7344 --- [http-nio-8887-exec-3] l.m.c.c.m.UserMapper.selectByPrimaryKey  : ==> Parameters: 1(Long)
2021-06-30 11:22:56.221 DEBUG 7344 --- [http-nio-8887-exec-3] l.m.c.c.m.UserMapper.selectByPrimaryKey  : <==      Total: 1
2021-06-30 11:22:56.221 DEBUG 7344 --- [http-nio-8887-exec-3] l.m.c.c.m.UserMapper.selectByPrimaryKey  : ==>  Preparing: select ID, ACCOUNT_ID, NAME, TOKEN, GMT_CREAT, GMT_MODIFIED, BIO, AVATAR_URL from USER where ID = ? 
2021-06-30 11:22:56.221 DEBUG 7344 --- [http-nio-8887-exec-3] l.m.c.c.m.UserMapper.selectByPrimaryKey  : ==> Parameters: 1(Long)
2021-06-30 11:22:56.222 DEBUG 7344 --- [http-nio-8887-exec-3] l.m.c.c.m.UserMapper.selectByPrimaryKey  : <==      Total: 1
2021-06-30 11:22:56.222 DEBUG 7344 --- [http-nio-8887-exec-3] l.m.c.c.m.UserMapper.selectByPrimaryKey  : ==>  Preparing: select ID, ACCOUNT_ID, NAME, TOKEN, GMT_CREAT, GMT_MODIFIED, BIO, AVATAR_URL from USER where ID = ? 
2021-06-30 11:22:56.222 DEBUG 7344 --- [http-nio-8887-exec-3] l.m.c.c.m.UserMapper.selectByPrimaryKey  : ==> Parameters: 1(Long)
2021-06-30 11:22:56.223 DEBUG 7344 --- [http-nio-8887-exec-3] l.m.c.c.m.UserMapper.selectByPrimaryKey  : <==      Total: 1
2021-06-30 11:22:56.223 DEBUG 7344 --- [http-nio-8887-exec-3] l.m.c.c.m.UserMapper.selectByPrimaryKey  : ==>  Preparing: select ID, ACCOUNT_ID, NAME, TOKEN, GMT_CREAT, GMT_MODIFIED, BIO, AVATAR_URL from USER where ID = ? 
2021-06-30 11:22:56.223 DEBUG 7344 --- [http-nio-8887-exec-3] l.m.c.c.m.UserMapper.selectByPrimaryKey  : ==> Parameters: 1(Long)
2021-06-30 11:22:56.223 DEBUG 7344 --- [http-nio-8887-exec-3] l.m.c.c.m.UserMapper.selectByPrimaryKey  : <==      Total: 1
2021-06-30 11:23:04.930 DEBUG 7344 --- [http-nio-8887-exec-10] l.m.c.c.m.Q.countBySearch                : ==>  Preparing: select count (*) from QUESTION 
2021-06-30 11:23:04.931 DEBUG 7344 --- [http-nio-8887-exec-10] l.m.c.c.m.Q.countBySearch                : ==> Parameters: 
2021-06-30 11:23:04.931 DEBUG 7344 --- [http-nio-8887-exec-10] l.m.c.c.m.Q.countBySearch                : <==      Total: 1
2021-06-30 11:23:04.932 DEBUG 7344 --- [http-nio-8887-exec-10] l.m.c.c.m.Q.selectBySearch               : ==>  Preparing: select * from QUESTION order by gmt_create desc limit ?,? 
2021-06-30 11:23:04.932 DEBUG 7344 --- [http-nio-8887-exec-10] l.m.c.c.m.Q.selectBySearch               : ==> Parameters: 0(Integer), 5(Integer)
2021-06-30 11:23:04.935 DEBUG 7344 --- [http-nio-8887-exec-10] l.m.c.c.m.Q.selectBySearch               : <==      Total: 5
2021-06-30 11:23:04.936 DEBUG 7344 --- [http-nio-8887-exec-10] l.m.c.c.m.UserMapper.selectByPrimaryKey  : ==>  Preparing: select ID, ACCOUNT_ID, NAME, TOKEN, GMT_CREAT, GMT_MODIFIED, BIO, AVATAR_URL from USER where ID = ? 
2021-06-30 11:23:04.936 DEBUG 7344 --- [http-nio-8887-exec-10] l.m.c.c.m.UserMapper.selectByPrimaryKey  : ==> Parameters: 1(Long)
2021-06-30 11:23:04.937 DEBUG 7344 --- [http-nio-8887-exec-10] l.m.c.c.m.UserMapper.selectByPrimaryKey  : <==      Total: 1
2021-06-30 11:23:04.938 DEBUG 7344 --- [http-nio-8887-exec-10] l.m.c.c.m.UserMapper.selectByPrimaryKey  : ==>  Preparing: select ID, ACCOUNT_ID, NAME, TOKEN, GMT_CREAT, GMT_MODIFIED, BIO, AVATAR_URL from USER where ID = ? 
2021-06-30 11:23:04.938 DEBUG 7344 --- [http-nio-8887-exec-10] l.m.c.c.m.UserMapper.selectByPrimaryKey  : ==> Parameters: 1(Long)
2021-06-30 11:23:04.939 DEBUG 7344 --- [http-nio-8887-exec-10] l.m.c.c.m.UserMapper.selectByPrimaryKey  : <==      Total: 1
2021-06-30 11:23:04.940 DEBUG 7344 --- [http-nio-8887-exec-10] l.m.c.c.m.UserMapper.selectByPrimaryKey  : ==>  Preparing: select ID, ACCOUNT_ID, NAME, TOKEN, GMT_CREAT, GMT_MODIFIED, BIO, AVATAR_URL from USER where ID = ? 
2021-06-30 11:23:04.940 DEBUG 7344 --- [http-nio-8887-exec-10] l.m.c.c.m.UserMapper.selectByPrimaryKey  : ==> Parameters: 1(Long)
2021-06-30 11:23:04.940 DEBUG 7344 --- [http-nio-8887-exec-10] l.m.c.c.m.UserMapper.selectByPrimaryKey  : <==      Total: 1
2021-06-30 11:23:04.941 DEBUG 7344 --- [http-nio-8887-exec-10] l.m.c.c.m.UserMapper.selectByPrimaryKey  : ==>  Preparing: select ID, ACCOUNT_ID, NAME, TOKEN, GMT_CREAT, GMT_MODIFIED, BIO, AVATAR_URL from USER where ID = ? 
2021-06-30 11:23:04.941 DEBUG 7344 --- [http-nio-8887-exec-10] l.m.c.c.m.UserMapper.selectByPrimaryKey  : ==> Parameters: 1(Long)
2021-06-30 11:23:04.942 DEBUG 7344 --- [http-nio-8887-exec-10] l.m.c.c.m.UserMapper.selectByPrimaryKey  : <==      Total: 1
2021-06-30 11:23:04.942 DEBUG 7344 --- [http-nio-8887-exec-10] l.m.c.c.m.UserMapper.selectByPrimaryKey  : ==>  Preparing: select ID, ACCOUNT_ID, NAME, TOKEN, GMT_CREAT, GMT_MODIFIED, BIO, AVATAR_URL from USER where ID = ? 
2021-06-30 11:23:04.942 DEBUG 7344 --- [http-nio-8887-exec-10] l.m.c.c.m.UserMapper.selectByPrimaryKey  : ==> Parameters: 1(Long)
2021-06-30 11:23:04.942 DEBUG 7344 --- [http-nio-8887-exec-10] l.m.c.c.m.UserMapper.selectByPrimaryKey  : <==      Total: 1
2021-06-30 11:23:06.439 DEBUG 7344 --- [http-nio-8887-exec-3] l.m.c.c.m.Q.selectByPrimaryKey           : ==>  Preparing: select ID, TITLE, GMT_CREATE, GMT_MODIFIED, CREATOR, COMMENT_COUNT, VIEW_COUNT, LIKE_COUNT, TAG , DESCRIPTION from QUESTION where ID = ? 
2021-06-30 11:23:06.440 DEBUG 7344 --- [http-nio-8887-exec-3] l.m.c.c.m.Q.selectByPrimaryKey           : ==> Parameters: 196(Long)
2021-06-30 11:23:06.441 DEBUG 7344 --- [http-nio-8887-exec-3] l.m.c.c.m.Q.selectByPrimaryKey           : <==      Total: 1
2021-06-30 11:23:06.441 DEBUG 7344 --- [http-nio-8887-exec-3] l.m.c.c.m.UserMapper.selectByPrimaryKey  : ==>  Preparing: select ID, ACCOUNT_ID, NAME, TOKEN, GMT_CREAT, GMT_MODIFIED, BIO, AVATAR_URL from USER where ID = ? 
2021-06-30 11:23:06.442 DEBUG 7344 --- [http-nio-8887-exec-3] l.m.c.c.m.UserMapper.selectByPrimaryKey  : ==> Parameters: 1(Long)
2021-06-30 11:23:06.443 DEBUG 7344 --- [http-nio-8887-exec-3] l.m.c.c.m.UserMapper.selectByPrimaryKey  : <==      Total: 1
2021-06-30 11:23:06.444 DEBUG 7344 --- [http-nio-8887-exec-3] l.m.c.c.m.Q.selectRelated                : ==>  Preparing: select * from QUESTION where id != ? and tag regexp ? 
2021-06-30 11:23:06.445 DEBUG 7344 --- [http-nio-8887-exec-3] l.m.c.c.m.Q.selectRelated                : ==> Parameters: 196(Long), java(String)
2021-06-30 11:23:06.447 DEBUG 7344 --- [http-nio-8887-exec-3] l.m.c.c.m.Q.selectRelated                : <==      Total: 4
2021-06-30 11:23:06.448 DEBUG 7344 --- [http-nio-8887-exec-3] l.m.c.c.m.Q.selectByPrimaryKey           : ==>  Preparing: select ID, TITLE, GMT_CREATE, GMT_MODIFIED, CREATOR, COMMENT_COUNT, VIEW_COUNT, LIKE_COUNT, TAG , DESCRIPTION from QUESTION where ID = ? 
2021-06-30 11:23:06.448 DEBUG 7344 --- [http-nio-8887-exec-3] l.m.c.c.m.Q.selectByPrimaryKey           : ==> Parameters: 196(Long)
2021-06-30 11:23:06.450 DEBUG 7344 --- [http-nio-8887-exec-3] l.m.c.c.m.Q.selectByPrimaryKey           : <==      Total: 1
2021-06-30 11:23:06.451 DEBUG 7344 --- [http-nio-8887-exec-3] l.m.c.c.mapper.QuestionExtMapper.inView  : ==>  Preparing: update QUESTION set VIEW_COUNT = VIEW_COUNT + ? where id = ? 
2021-06-30 11:23:06.452 DEBUG 7344 --- [http-nio-8887-exec-3] l.m.c.c.mapper.QuestionExtMapper.inView  : ==> Parameters: 1(Integer), 196(Long)
2021-06-30 11:23:06.455 DEBUG 7344 --- [http-nio-8887-exec-3] l.m.c.c.mapper.QuestionExtMapper.inView  : <==    Updates: 1
2021-06-30 11:23:06.469 DEBUG 7344 --- [http-nio-8887-exec-3] l.m.c.c.m.CommentMapper.selectByExample  : ==>  Preparing: select ID, PARENT_ID, TYPE, GMT_CREATOR, GMT_MODIFIED, COMMENTATOR, LIKE_COUNT, CONTENT, COMMENT_COUNT from COMMENT WHERE ( PARENT_ID = ? and TYPE = ? ) order by gmt_creator desc 
2021-06-30 11:23:06.469 DEBUG 7344 --- [http-nio-8887-exec-3] l.m.c.c.m.CommentMapper.selectByExample  : ==> Parameters: 196(Long), 1(Integer)
2021-06-30 11:23:06.470 DEBUG 7344 --- [http-nio-8887-exec-3] l.m.c.c.m.CommentMapper.selectByExample  : <==      Total: 0
2021-06-30 11:23:11.876 DEBUG 7344 --- [http-nio-8887-exec-10] l.m.c.c.m.Q.selectByPrimaryKey           : ==>  Preparing: select ID, TITLE, GMT_CREATE, GMT_MODIFIED, CREATOR, COMMENT_COUNT, VIEW_COUNT, LIKE_COUNT, TAG , DESCRIPTION from QUESTION where ID = ? 
2021-06-30 11:23:11.876 DEBUG 7344 --- [http-nio-8887-exec-10] l.m.c.c.m.Q.selectByPrimaryKey           : ==> Parameters: 123(Long)
2021-06-30 11:23:11.876 DEBUG 7344 --- [http-nio-8887-exec-10] l.m.c.c.m.Q.selectByPrimaryKey           : <==      Total: 0
2021-06-30 11:23:11.886 ERROR 7344 --- [http-nio-8887-exec-10] o.a.c.c.C.[.[.[/].[dispatcherServlet]    : Servlet.service() for servlet [dispatcherServlet] in context with path [] threw exception [Request processing failed; nested exception is life.majiang.community.community.exception.CustomizeException: 你找的问题不存在！！！] with root cause

life.majiang.community.community.exception.CustomizeException: 你找的问题不存在！！！
	at life.majiang.community.community.service.QuestionService.getById(QuestionService.java:121) ~[classes/:na]
	at life.majiang.community.community.controller.QuestionController.question(QuestionController.java:30) ~[classes/:na]
	at sun.reflect.NativeMethodAccessorImpl.invoke0(Native Method) ~[na:1.8.0_282]
	at sun.reflect.NativeMethodAccessorImpl.invoke(NativeMethodAccessorImpl.java:62) ~[na:1.8.0_282]
	at sun.reflect.DelegatingMethodAccessorImpl.invoke(DelegatingMethodAccessorImpl.java:43) ~[na:1.8.0_282]
	at java.lang.reflect.Method.invoke(Method.java:498) ~[na:1.8.0_282]
	at org.springframework.web.method.support.InvocableHandlerMethod.doInvoke(InvocableHandlerMethod.java:197) ~[spring-web-5.3.7.jar:5.3.7]
	at org.springframework.web.method.support.InvocableHandlerMethod.invokeForRequest(InvocableHandlerMethod.java:141) ~[spring-web-5.3.7.jar:5.3.7]
	at org.springframework.web.servlet.mvc.method.annotation.ServletInvocableHandlerMethod.invokeAndHandle(ServletInvocableHandlerMethod.java:106) ~[spring-webmvc-5.3.7.jar:5.3.7]
	at org.springframework.web.servlet.mvc.method.annotation.RequestMappingHandlerAdapter.invokeHandlerMethod(RequestMappingHandlerAdapter.java:894) ~[spring-webmvc-5.3.7.jar:5.3.7]
	at org.springframework.web.servlet.mvc.method.annotation.RequestMappingHandlerAdapter.handleInternal(RequestMappingHandlerAdapter.java:808) ~[spring-webmvc-5.3.7.jar:5.3.7]
	at org.springframework.web.servlet.mvc.method.AbstractHandlerMethodAdapter.handle(AbstractHandlerMethodAdapter.java:87) ~[spring-webmvc-5.3.7.jar:5.3.7]
	at org.springframework.web.servlet.DispatcherServlet.doDispatch(DispatcherServlet.java:1063) ~[spring-webmvc-5.3.7.jar:5.3.7]
	at org.springframework.web.servlet.DispatcherServlet.doService(DispatcherServlet.java:963) ~[spring-webmvc-5.3.7.jar:5.3.7]
	at org.springframework.web.servlet.FrameworkServlet.processRequest(FrameworkServlet.java:1006) ~[spring-webmvc-5.3.7.jar:5.3.7]
	at org.springframework.web.servlet.FrameworkServlet.doGet(FrameworkServlet.java:898) ~[spring-webmvc-5.3.7.jar:5.3.7]
	at javax.servlet.http.HttpServlet.service(HttpServlet.java:626) ~[tomcat-embed-core-9.0.46.jar:4.0.FR]
	at org.springframework.web.servlet.FrameworkServlet.service(FrameworkServlet.java:883) ~[spring-webmvc-5.3.7.jar:5.3.7]
	at javax.servlet.http.HttpServlet.service(HttpServlet.java:733) ~[tomcat-embed-core-9.0.46.jar:4.0.FR]
	at org.apache.catalina.core.ApplicationFilterChain.internalDoFilter(ApplicationFilterChain.java:227) ~[tomcat-embed-core-9.0.46.jar:9.0.46]
	at org.apache.catalina.core.ApplicationFilterChain.doFilter(ApplicationFilterChain.java:162) ~[tomcat-embed-core-9.0.46.jar:9.0.46]
	at org.apache.tomcat.websocket.server.WsFilter.doFilter(WsFilter.java:53) ~[tomcat-embed-websocket-9.0.46.jar:9.0.46]
	at org.apache.catalina.core.ApplicationFilterChain.internalDoFilter(ApplicationFilterChain.java:189) ~[tomcat-embed-core-9.0.46.jar:9.0.46]
	at org.apache.catalina.core.ApplicationFilterChain.doFilter(ApplicationFilterChain.java:162) ~[tomcat-embed-core-9.0.46.jar:9.0.46]
	at org.springframework.web.filter.RequestContextFilter.doFilterInternal(RequestContextFilter.java:100) ~[spring-web-5.3.7.jar:5.3.7]
	at org.springframework.web.filter.OncePerRequestFilter.doFilter(OncePerRequestFilter.java:119) ~[spring-web-5.3.7.jar:5.3.7]
	at org.apache.catalina.core.ApplicationFilterChain.internalDoFilter(ApplicationFilterChain.java:189) ~[tomcat-embed-core-9.0.46.jar:9.0.46]
	at org.apache.catalina.core.ApplicationFilterChain.doFilter(ApplicationFilterChain.java:162) ~[tomcat-embed-core-9.0.46.jar:9.0.46]
	at org.springframework.web.filter.FormContentFilter.doFilterInternal(FormContentFilter.java:93) ~[spring-web-5.3.7.jar:5.3.7]
	at org.springframework.web.filter.OncePerRequestFilter.doFilter(OncePerRequestFilter.java:119) ~[spring-web-5.3.7.jar:5.3.7]
	at org.apache.catalina.core.ApplicationFilterChain.internalDoFilter(ApplicationFilterChain.java:189) ~[tomcat-embed-core-9.0.46.jar:9.0.46]
	at org.apache.catalina.core.ApplicationFilterChain.doFilter(ApplicationFilterChain.java:162) ~[tomcat-embed-core-9.0.46.jar:9.0.46]
	at org.springframework.web.filter.CharacterEncodingFilter.doFilterInternal(CharacterEncodingFilter.java:201) ~[spring-web-5.3.7.jar:5.3.7]
	at org.springframework.web.filter.OncePerRequestFilter.doFilter(OncePerRequestFilter.java:119) ~[spring-web-5.3.7.jar:5.3.7]
	at org.apache.catalina.core.ApplicationFilterChain.internalDoFilter(ApplicationFilterChain.java:189) ~[tomcat-embed-core-9.0.46.jar:9.0.46]
	at org.apache.catalina.core.ApplicationFilterChain.doFilter(ApplicationFilterChain.java:162) ~[tomcat-embed-core-9.0.46.jar:9.0.46]
	at org.apache.catalina.core.StandardWrapperValve.invoke(StandardWrapperValve.java:202) ~[tomcat-embed-core-9.0.46.jar:9.0.46]
	at org.apache.catalina.core.StandardContextValve.invoke(StandardContextValve.java:97) [tomcat-embed-core-9.0.46.jar:9.0.46]
	at org.apache.catalina.authenticator.AuthenticatorBase.invoke(AuthenticatorBase.java:542) [tomcat-embed-core-9.0.46.jar:9.0.46]
	at org.apache.catalina.core.StandardHostValve.invoke(StandardHostValve.java:143) [tomcat-embed-core-9.0.46.jar:9.0.46]
	at org.apache.catalina.valves.ErrorReportValve.invoke(ErrorReportValve.java:92) [tomcat-embed-core-9.0.46.jar:9.0.46]
	at org.apache.catalina.core.StandardEngineValve.invoke(StandardEngineValve.java:78) [tomcat-embed-core-9.0.46.jar:9.0.46]
	at org.apache.catalina.connector.CoyoteAdapter.service(CoyoteAdapter.java:357) [tomcat-embed-core-9.0.46.jar:9.0.46]
	at org.apache.coyote.http11.Http11Processor.service(Http11Processor.java:374) [tomcat-embed-core-9.0.46.jar:9.0.46]
	at org.apache.coyote.AbstractProcessorLight.process(AbstractProcessorLight.java:65) [tomcat-embed-core-9.0.46.jar:9.0.46]
	at org.apache.coyote.AbstractProtocol$ConnectionHandler.process(AbstractProtocol.java:893) [tomcat-embed-core-9.0.46.jar:9.0.46]
	at org.apache.tomcat.util.net.NioEndpoint$SocketProcessor.doRun(NioEndpoint.java:1707) [tomcat-embed-core-9.0.46.jar:9.0.46]
	at org.apache.tomcat.util.net.SocketProcessorBase.run(SocketProcessorBase.java:49) [tomcat-embed-core-9.0.46.jar:9.0.46]
	at java.util.concurrent.ThreadPoolExecutor.runWorker(ThreadPoolExecutor.java:1149) [na:1.8.0_282]
	at java.util.concurrent.ThreadPoolExecutor$Worker.run(ThreadPoolExecutor.java:624) [na:1.8.0_282]
	at org.apache.tomcat.util.threads.TaskThread$WrappingRunnable.run(TaskThread.java:61) [tomcat-embed-core-9.0.46.jar:9.0.46]
	at java.lang.Thread.run(Thread.java:748) [na:1.8.0_282]

2021-06-30 11:23:49.242  INFO 7344 --- [Thread-11] o.s.b.a.ApplicationAvailabilityBean      : Application availability state ReadinessState changed from ACCEPTING_TRAFFIC to REFUSING_TRAFFIC
2021-06-30 11:23:49.639  INFO 7344 --- [Thread-11] com.zaxxer.hikari.HikariDataSource       : HikariPool-1 - Shutdown initiated...
2021-06-30 11:23:49.660  INFO 7344 --- [Thread-11] com.zaxxer.hikari.HikariDataSource       : HikariPool-1 - Shutdown completed.
2021-06-30 11:23:49.792  INFO 7344 --- [restartedMain] l.m.c.community.CommunityApplication     : Starting CommunityApplication using Java 1.8.0_282 on DESKTOP-RNBM3MT with PID 7344 (D:\ChromeCoreDownloads\community\target\classes started by ZL in D:\ChromeCoreDownloads\community)
2021-06-30 11:23:49.792  INFO 7344 --- [restartedMain] l.m.c.community.CommunityApplication     : No active profile set, falling back to default profiles: default
2021-06-30 11:23:49.998  INFO 7344 --- [restartedMain] o.s.b.w.embedded.tomcat.TomcatWebServer  : Tomcat initialized with port(s): 8887 (http)
2021-06-30 11:23:49.999  INFO 7344 --- [restartedMain] o.apache.catalina.core.StandardService   : Starting service [Tomcat]
2021-06-30 11:23:49.999  INFO 7344 --- [restartedMain] org.apache.catalina.core.StandardEngine  : Starting Servlet engine: [Apache Tomcat/9.0.46]
2021-06-30 11:23:50.021  INFO 7344 --- [restartedMain] o.a.c.c.C.[Tomcat].[localhost].[/]       : Initializing Spring embedded WebApplicationContext
2021-06-30 11:23:50.021  INFO 7344 --- [restartedMain] w.s.c.ServletWebServerApplicationContext : Root WebApplicationContext: initialization completed in 227 ms
2021-06-30 11:23:50.029  INFO 7344 --- [restartedMain] com.zaxxer.hikari.HikariDataSource       : HikariPool-2 - Starting...
2021-06-30 11:23:50.035  INFO 7344 --- [restartedMain] com.zaxxer.hikari.HikariDataSource       : HikariPool-2 - Start completed.
2021-06-30 11:23:50.035  INFO 7344 --- [restartedMain] o.s.b.a.h2.H2ConsoleAutoConfiguration    : H2 console available at '/h2-console'. Database available at 'jdbc:h2:~/community'
2021-06-30 11:23:50.164  INFO 7344 --- [restartedMain] o.s.b.a.w.s.WelcomePageHandlerMapping    : Adding welcome page template: index
2021-06-30 11:23:50.194  INFO 7344 --- [restartedMain] o.s.b.d.a.OptionalLiveReloadServer       : LiveReload server is running on port 35729
2021-06-30 11:23:50.203  INFO 7344 --- [restartedMain] o.s.b.w.embedded.tomcat.TomcatWebServer  : Tomcat started on port(s): 8887 (http) with context path ''
2021-06-30 11:23:50.207  INFO 7344 --- [restartedMain] l.m.c.community.CommunityApplication     : Started CommunityApplication in 0.447 seconds (JVM running for 70.776)
2021-06-30 11:23:50.207  INFO 7344 --- [restartedMain] o.s.b.a.ApplicationAvailabilityBean      : Application availability state LivenessState changed to CORRECT
2021-06-30 11:23:50.210  INFO 7344 --- [restartedMain] .ConditionEvaluationDeltaLoggingListener : Condition evaluation delta:


==========================
CONDITION EVALUATION DELTA
==========================


Positive matches:
-----------------

    None


Negative matches:
-----------------

   ErrorMvcAutoConfiguration#basicErrorController:
      Did not match:
         - @ConditionalOnMissingBean (types: org.springframework.boot.web.servlet.error.ErrorController; SearchStrategy: current) found beans of type 'org.springframework.boot.web.servlet.error.ErrorController' customizeErrorController (OnBeanCondition)


Exclusions:
-----------

    None


Unconditional classes:
----------------------

    None



2021-06-30 11:23:50.210  INFO 7344 --- [restartedMain] o.s.b.a.ApplicationAvailabilityBean      : Application availability state ReadinessState changed to ACCEPTING_TRAFFIC
2021-06-30 11:43:56.002  INFO 7344 --- [http-nio-8887-exec-1] o.a.c.c.C.[Tomcat].[localhost].[/]       : Initializing Spring DispatcherServlet 'dispatcherServlet'
2021-06-30 11:43:56.003  INFO 7344 --- [http-nio-8887-exec-1] o.s.web.servlet.DispatcherServlet        : Initializing Servlet 'dispatcherServlet'
2021-06-30 11:43:56.004  INFO 7344 --- [http-nio-8887-exec-1] o.s.web.servlet.DispatcherServlet        : Completed initialization in 1 ms
2021-06-30 11:43:56.010 DEBUG 7344 --- [http-nio-8887-exec-1] l.m.c.c.m.Q.countBySearch                : ==>  Preparing: select count (*) from QUESTION 
2021-06-30 11:43:56.011 DEBUG 7344 --- [http-nio-8887-exec-1] l.m.c.c.m.Q.countBySearch                : ==> Parameters: 
2021-06-30 11:43:56.012 DEBUG 7344 --- [http-nio-8887-exec-1] l.m.c.c.m.Q.countBySearch                : <==      Total: 1
2021-06-30 11:43:56.013 DEBUG 7344 --- [http-nio-8887-exec-1] l.m.c.c.m.Q.selectBySearch               : ==>  Preparing: select * from QUESTION order by gmt_create desc limit ?,? 
2021-06-30 11:43:56.014 DEBUG 7344 --- [http-nio-8887-exec-1] l.m.c.c.m.Q.selectBySearch               : ==> Parameters: 0(Integer), 5(Integer)
2021-06-30 11:43:56.016 DEBUG 7344 --- [http-nio-8887-exec-1] l.m.c.c.m.Q.selectBySearch               : <==      Total: 5
2021-06-30 11:43:56.016 DEBUG 7344 --- [http-nio-8887-exec-1] l.m.c.c.m.UserMapper.selectByPrimaryKey  : ==>  Preparing: select ID, ACCOUNT_ID, NAME, TOKEN, GMT_CREAT, GMT_MODIFIED, BIO, AVATAR_URL from USER where ID = ? 
2021-06-30 11:43:56.017 DEBUG 7344 --- [http-nio-8887-exec-1] l.m.c.c.m.UserMapper.selectByPrimaryKey  : ==> Parameters: 1(Long)
2021-06-30 11:43:56.017 DEBUG 7344 --- [http-nio-8887-exec-1] l.m.c.c.m.UserMapper.selectByPrimaryKey  : <==      Total: 1
2021-06-30 11:43:56.021 DEBUG 7344 --- [http-nio-8887-exec-1] l.m.c.c.m.UserMapper.selectByPrimaryKey  : ==>  Preparing: select ID, ACCOUNT_ID, NAME, TOKEN, GMT_CREAT, GMT_MODIFIED, BIO, AVATAR_URL from USER where ID = ? 
2021-06-30 11:43:56.022 DEBUG 7344 --- [http-nio-8887-exec-1] l.m.c.c.m.UserMapper.selectByPrimaryKey  : ==> Parameters: 1(Long)
2021-06-30 11:43:56.022 DEBUG 7344 --- [http-nio-8887-exec-1] l.m.c.c.m.UserMapper.selectByPrimaryKey  : <==      Total: 1
2021-06-30 11:43:56.022 DEBUG 7344 --- [http-nio-8887-exec-1] l.m.c.c.m.UserMapper.selectByPrimaryKey  : ==>  Preparing: select ID, ACCOUNT_ID, NAME, TOKEN, GMT_CREAT, GMT_MODIFIED, BIO, AVATAR_URL from USER where ID = ? 
2021-06-30 11:43:56.022 DEBUG 7344 --- [http-nio-8887-exec-1] l.m.c.c.m.UserMapper.selectByPrimaryKey  : ==> Parameters: 1(Long)
2021-06-30 11:43:56.023 DEBUG 7344 --- [http-nio-8887-exec-1] l.m.c.c.m.UserMapper.selectByPrimaryKey  : <==      Total: 1
2021-06-30 11:43:56.023 DEBUG 7344 --- [http-nio-8887-exec-1] l.m.c.c.m.UserMapper.selectByPrimaryKey  : ==>  Preparing: select ID, ACCOUNT_ID, NAME, TOKEN, GMT_CREAT, GMT_MODIFIED, BIO, AVATAR_URL from USER where ID = ? 
2021-06-30 11:43:56.023 DEBUG 7344 --- [http-nio-8887-exec-1] l.m.c.c.m.UserMapper.selectByPrimaryKey  : ==> Parameters: 1(Long)
2021-06-30 11:43:56.023 DEBUG 7344 --- [http-nio-8887-exec-1] l.m.c.c.m.UserMapper.selectByPrimaryKey  : <==      Total: 1
2021-06-30 11:43:56.024 DEBUG 7344 --- [http-nio-8887-exec-1] l.m.c.c.m.UserMapper.selectByPrimaryKey  : ==>  Preparing: select ID, ACCOUNT_ID, NAME, TOKEN, GMT_CREAT, GMT_MODIFIED, BIO, AVATAR_URL from USER where ID = ? 
2021-06-30 11:43:56.024 DEBUG 7344 --- [http-nio-8887-exec-1] l.m.c.c.m.UserMapper.selectByPrimaryKey  : ==> Parameters: 1(Long)
2021-06-30 11:43:56.024 DEBUG 7344 --- [http-nio-8887-exec-1] l.m.c.c.m.UserMapper.selectByPrimaryKey  : <==      Total: 1
2021-06-30 11:52:52.913  INFO 7344 --- [Thread-18] o.s.b.a.ApplicationAvailabilityBean      : Application availability state ReadinessState changed from ACCEPTING_TRAFFIC to REFUSING_TRAFFIC
2021-06-30 11:52:53.268  INFO 7344 --- [Thread-18] com.zaxxer.hikari.HikariDataSource       : HikariPool-2 - Shutdown initiated...
2021-06-30 11:52:53.287  INFO 7344 --- [Thread-18] com.zaxxer.hikari.HikariDataSource       : HikariPool-2 - Shutdown completed.
2021-06-30 11:52:53.397  INFO 7344 --- [restartedMain] l.m.c.community.CommunityApplication     : Starting CommunityApplication using Java 1.8.0_282 on DESKTOP-RNBM3MT with PID 7344 (D:\ChromeCoreDownloads\community\target\classes started by ZL in D:\ChromeCoreDownloads\community)
2021-06-30 11:52:53.397  INFO 7344 --- [restartedMain] l.m.c.community.CommunityApplication     : No active profile set, falling back to default profiles: default
2021-06-30 11:52:53.624  INFO 7344 --- [restartedMain] o.s.b.w.embedded.tomcat.TomcatWebServer  : Tomcat initialized with port(s): 8887 (http)
2021-06-30 11:52:53.625  INFO 7344 --- [restartedMain] o.apache.catalina.core.StandardService   : Starting service [Tomcat]
2021-06-30 11:52:53.625  INFO 7344 --- [restartedMain] org.apache.catalina.core.StandardEngine  : Starting Servlet engine: [Apache Tomcat/9.0.46]
2021-06-30 11:52:53.645  INFO 7344 --- [restartedMain] o.a.c.c.C.[Tomcat].[localhost].[/]       : Initializing Spring embedded WebApplicationContext
2021-06-30 11:52:53.645  INFO 7344 --- [restartedMain] w.s.c.ServletWebServerApplicationContext : Root WebApplicationContext: initialization completed in 246 ms
2021-06-30 11:52:53.652  INFO 7344 --- [restartedMain] com.zaxxer.hikari.HikariDataSource       : HikariPool-3 - Starting...
2021-06-30 11:52:53.661  INFO 7344 --- [restartedMain] com.zaxxer.hikari.HikariDataSource       : HikariPool-3 - Start completed.
2021-06-30 11:52:53.661  INFO 7344 --- [restartedMain] o.s.b.a.h2.H2ConsoleAutoConfiguration    : H2 console available at '/h2-console'. Database available at 'jdbc:h2:~/community'
2021-06-30 11:52:53.763  INFO 7344 --- [restartedMain] o.s.b.a.w.s.WelcomePageHandlerMapping    : Adding welcome page template: index
2021-06-30 11:52:53.795  INFO 7344 --- [restartedMain] o.s.b.d.a.OptionalLiveReloadServer       : LiveReload server is running on port 35729
2021-06-30 11:52:53.803  INFO 7344 --- [restartedMain] o.s.b.w.embedded.tomcat.TomcatWebServer  : Tomcat started on port(s): 8887 (http) with context path ''
2021-06-30 11:52:53.806  INFO 7344 --- [restartedMain] l.m.c.community.CommunityApplication     : Started CommunityApplication in 0.428 seconds (JVM running for 1814.376)
2021-06-30 11:52:53.806  INFO 7344 --- [restartedMain] o.s.b.a.ApplicationAvailabilityBean      : Application availability state LivenessState changed to CORRECT
2021-06-30 11:52:53.807  INFO 7344 --- [restartedMain] .ConditionEvaluationDeltaLoggingListener : Condition evaluation unchanged
2021-06-30 11:52:53.807  INFO 7344 --- [restartedMain] o.s.b.a.ApplicationAvailabilityBean      : Application availability state ReadinessState changed to ACCEPTING_TRAFFIC
2021-06-30 11:52:55.339  INFO 7344 --- [Thread-23] o.s.b.a.ApplicationAvailabilityBean      : Application availability state ReadinessState changed from ACCEPTING_TRAFFIC to REFUSING_TRAFFIC
2021-06-30 11:52:55.727  INFO 7344 --- [Thread-23] com.zaxxer.hikari.HikariDataSource       : HikariPool-3 - Shutdown initiated...
2021-06-30 11:52:55.761  INFO 7344 --- [Thread-23] com.zaxxer.hikari.HikariDataSource       : HikariPool-3 - Shutdown completed.
2021-06-30 11:52:55.891  INFO 7344 --- [restartedMain] l.m.c.community.CommunityApplication     : Starting CommunityApplication using Java 1.8.0_282 on DESKTOP-RNBM3MT with PID 7344 (D:\ChromeCoreDownloads\community\target\classes started by ZL in D:\ChromeCoreDownloads\community)
2021-06-30 11:52:55.891  INFO 7344 --- [restartedMain] l.m.c.community.CommunityApplication     : No active profile set, falling back to default profiles: default
2021-06-30 11:52:56.069  INFO 7344 --- [restartedMain] o.s.b.w.embedded.tomcat.TomcatWebServer  : Tomcat initialized with port(s): 8887 (http)
2021-06-30 11:52:56.069  INFO 7344 --- [restartedMain] o.apache.catalina.core.StandardService   : Starting service [Tomcat]
2021-06-30 11:52:56.070  INFO 7344 --- [restartedMain] org.apache.catalina.core.StandardEngine  : Starting Servlet engine: [Apache Tomcat/9.0.46]
2021-06-30 11:52:56.092  INFO 7344 --- [restartedMain] o.a.c.c.C.[Tomcat].[localhost].[/]       : Initializing Spring embedded WebApplicationContext
2021-06-30 11:52:56.092  INFO 7344 --- [restartedMain] w.s.c.ServletWebServerApplicationContext : Root WebApplicationContext: initialization completed in 199 ms
2021-06-30 11:52:56.099  INFO 7344 --- [restartedMain] com.zaxxer.hikari.HikariDataSource       : HikariPool-4 - Starting...
2021-06-30 11:52:56.105  INFO 7344 --- [restartedMain] com.zaxxer.hikari.HikariDataSource       : HikariPool-4 - Start completed.
2021-06-30 11:52:56.105  INFO 7344 --- [restartedMain] o.s.b.a.h2.H2ConsoleAutoConfiguration    : H2 console available at '/h2-console'. Database available at 'jdbc:h2:~/community'
2021-06-30 11:52:56.234  INFO 7344 --- [restartedMain] o.s.b.a.w.s.WelcomePageHandlerMapping    : Adding welcome page template: index
2021-06-30 11:52:56.285  INFO 7344 --- [restartedMain] o.s.b.d.a.OptionalLiveReloadServer       : LiveReload server is running on port 35729
2021-06-30 11:52:56.298  INFO 7344 --- [restartedMain] o.s.b.w.embedded.tomcat.TomcatWebServer  : Tomcat started on port(s): 8887 (http) with context path ''
2021-06-30 11:52:56.302  INFO 7344 --- [restartedMain] l.m.c.community.CommunityApplication     : Started CommunityApplication in 0.431 seconds (JVM running for 1816.872)
2021-06-30 11:52:56.303  INFO 7344 --- [restartedMain] o.s.b.a.ApplicationAvailabilityBean      : Application availability state LivenessState changed to CORRECT
2021-06-30 11:52:56.304  INFO 7344 --- [restartedMain] .ConditionEvaluationDeltaLoggingListener : Condition evaluation unchanged
2021-06-30 11:52:56.304  INFO 7344 --- [restartedMain] o.s.b.a.ApplicationAvailabilityBean      : Application availability state ReadinessState changed to ACCEPTING_TRAFFIC
2021-06-30 12:14:16.578  INFO 7344 --- [Thread-28] o.s.b.a.ApplicationAvailabilityBean      : Application availability state ReadinessState changed from ACCEPTING_TRAFFIC to REFUSING_TRAFFIC
2021-06-30 12:14:16.961  INFO 7344 --- [Thread-28] com.zaxxer.hikari.HikariDataSource       : HikariPool-4 - Shutdown initiated...
2021-06-30 12:14:16.979  INFO 7344 --- [Thread-28] com.zaxxer.hikari.HikariDataSource       : HikariPool-4 - Shutdown completed.
2021-06-30 12:14:17.078  INFO 7344 --- [restartedMain] l.m.c.community.CommunityApplication     : Starting CommunityApplication using Java 1.8.0_282 on DESKTOP-RNBM3MT with PID 7344 (D:\ChromeCoreDownloads\community\target\classes started by ZL in D:\ChromeCoreDownloads\community)
2021-06-30 12:14:17.078  INFO 7344 --- [restartedMain] l.m.c.community.CommunityApplication     : No active profile set, falling back to default profiles: default
2021-06-30 12:14:17.259  INFO 7344 --- [restartedMain] o.s.b.w.embedded.tomcat.TomcatWebServer  : Tomcat initialized with port(s): 8887 (http)
2021-06-30 12:14:17.260  INFO 7344 --- [restartedMain] o.apache.catalina.core.StandardService   : Starting service [Tomcat]
2021-06-30 12:14:17.260  INFO 7344 --- [restartedMain] org.apache.catalina.core.StandardEngine  : Starting Servlet engine: [Apache Tomcat/9.0.46]
2021-06-30 12:14:17.279  INFO 7344 --- [restartedMain] o.a.c.c.C.[Tomcat].[localhost].[/]       : Initializing Spring embedded WebApplicationContext
2021-06-30 12:14:17.279  INFO 7344 --- [restartedMain] w.s.c.ServletWebServerApplicationContext : Root WebApplicationContext: initialization completed in 199 ms
2021-06-30 12:14:17.285  INFO 7344 --- [restartedMain] com.zaxxer.hikari.HikariDataSource       : HikariPool-5 - Starting...
2021-06-30 12:14:17.290  INFO 7344 --- [restartedMain] com.zaxxer.hikari.HikariDataSource       : HikariPool-5 - Start completed.
2021-06-30 12:14:17.291  INFO 7344 --- [restartedMain] o.s.b.a.h2.H2ConsoleAutoConfiguration    : H2 console available at '/h2-console'. Database available at 'jdbc:h2:~/community'
2021-06-30 12:14:17.376  INFO 7344 --- [restartedMain] o.s.b.a.w.s.WelcomePageHandlerMapping    : Adding welcome page template: index
2021-06-30 12:14:17.400  INFO 7344 --- [restartedMain] o.s.b.d.a.OptionalLiveReloadServer       : LiveReload server is running on port 35729
2021-06-30 12:14:17.412  INFO 7344 --- [restartedMain] o.s.b.w.embedded.tomcat.TomcatWebServer  : Tomcat started on port(s): 8887 (http) with context path ''
2021-06-30 12:14:17.414  INFO 7344 --- [restartedMain] l.m.c.community.CommunityApplication     : Started CommunityApplication in 0.353 seconds (JVM running for 3097.984)
2021-06-30 12:14:17.415  INFO 7344 --- [restartedMain] o.s.b.a.ApplicationAvailabilityBean      : Application availability state LivenessState changed to CORRECT
2021-06-30 12:14:17.415  INFO 7344 --- [restartedMain] .ConditionEvaluationDeltaLoggingListener : Condition evaluation unchanged
2021-06-30 12:14:17.416  INFO 7344 --- [restartedMain] o.s.b.a.ApplicationAvailabilityBean      : Application availability state ReadinessState changed to ACCEPTING_TRAFFIC
